<?xml version="1.0" encoding="UTF-8"?>
<testsuite xmlns:xsi="http://www.w3.org/2001/XMLSchema-instance" xsi:noNamespaceSchemaLocation="https://maven.apache.org/surefire/maven-surefire-plugin/xsd/surefire-test-report.xsd" version="3.0.2" name="pe.edu.upc.backend.BackendApplicationTests" time="10.463" tests="1" errors="0" skipped="0" failures="0">
  <properties>
[...]
</properties>
  <testcase name="contextLoads" classname="pe.edu.upc.backend.BackendApplicationTests" time="0.628">
    <system-out><![CDATA[10:14:31.009 [main] INFO org.springframework.test.context.support.AnnotationConfigContextLoaderUtils -- Could not detect default configuration classes for test class [pe.edu.upc.backend.BackendApplicationTests]: BackendApplicationTests does not declare any static, non-private, non-final, nested classes annotated with @Configuration.
10:14:31.180 [main] INFO org.springframework.boot.test.context.SpringBootTestContextBootstrapper -- Found @SpringBootConfiguration pe.edu.upc.backend.BackendApplication for test class pe.edu.upc.backend.BackendApplicationTests
10:14:31.434 [main] INFO org.springframework.boot.devtools.restart.RestartApplicationListener -- Restart disabled due to context in which it is running

  .   ____          _            __ _ _
 /\\ / ___'_ __ _ _(_)_ __  __ _ \ \ \ \
( ( )\___ | '_ | '_| | '_ \/ _` | \ \ \ \
 \\/  ___)| |_)| | | | | || (_| |  ) ) ) )
  '  |____| .__|_| |_|_| |_\__, | / / / /
 =========|_|==============|___/=/_/_/_/

 :: Spring Boot ::                (v3.4.4)

2025-05-12 10:14:31 - [INFO] - Starting BackendApplicationTests using Java 17.0.12 with PID 9356 (started by KEVIN SANTAMARIA in C:\Users\KEVIN SANTAMARIA\TFinal\TF-SecureWalk\Backend)
2025-05-12 10:14:31 - [INFO] - No active profile set, falling back to 1 default profile: "default"
2025-05-12 10:14:31 - [DEBUG] - Loading source class pe.edu.upc.backend.BackendApplication
2025-05-12 10:14:32 - [DEBUG] - Refreshing org.springframework.web.context.support.GenericWebApplicationContext@312afbc7
2025-05-12 10:14:32 - [DEBUG] - Creating shared instance of singleton bean 'org.springframework.context.annotation.internalConfigurationAnnotationProcessor'
2025-05-12 10:14:32 - [DEBUG] - Creating shared instance of singleton bean 'org.springframework.boot.autoconfigure.internalCachingMetadataReaderFactory'
2025-05-12 10:14:32 - [DEBUG] - Identified candidate component class: file [C:\Users\KEVIN SANTAMARIA\TFinal\TF-SecureWalk\Backend\target\classes\pe\edu\upc\backend\controllers\ComentarioController.class]
2025-05-12 10:14:32 - [DEBUG] - Identified candidate component class: file [C:\Users\KEVIN SANTAMARIA\TFinal\TF-SecureWalk\Backend\target\classes\pe\edu\upc\backend\controllers\EncuestaController.class]
2025-05-12 10:14:32 - [DEBUG] - Identified candidate component class: file [C:\Users\KEVIN SANTAMARIA\TFinal\TF-SecureWalk\Backend\target\classes\pe\edu\upc\backend\controllers\EncuestaPreguntaController.class]
2025-05-12 10:14:32 - [DEBUG] - Identified candidate component class: file [C:\Users\KEVIN SANTAMARIA\TFinal\TF-SecureWalk\Backend\target\classes\pe\edu\upc\backend\controllers\EvaluacionIncidenteController.class]
2025-05-12 10:14:32 - [DEBUG] - Identified candidate component class: file [C:\Users\KEVIN SANTAMARIA\TFinal\TF-SecureWalk\Backend\target\classes\pe\edu\upc\backend\controllers\IncidenteController.class]
2025-05-12 10:14:32 - [DEBUG] - Identified candidate component class: file [C:\Users\KEVIN SANTAMARIA\TFinal\TF-SecureWalk\Backend\target\classes\pe\edu\upc\backend\controllers\JwtAuthenticationController.class]
2025-05-12 10:14:32 - [DEBUG] - Identified candidate component class: file [C:\Users\KEVIN SANTAMARIA\TFinal\TF-SecureWalk\Backend\target\classes\pe\edu\upc\backend\controllers\PostController.class]
2025-05-12 10:14:32 - [DEBUG] - Identified candidate component class: file [C:\Users\KEVIN SANTAMARIA\TFinal\TF-SecureWalk\Backend\target\classes\pe\edu\upc\backend\controllers\PreguntaController.class]
2025-05-12 10:14:32 - [DEBUG] - Identified candidate component class: file [C:\Users\KEVIN SANTAMARIA\TFinal\TF-SecureWalk\Backend\target\classes\pe\edu\upc\backend\controllers\RespuestaController.class]
2025-05-12 10:14:32 - [DEBUG] - Identified candidate component class: file [C:\Users\KEVIN SANTAMARIA\TFinal\TF-SecureWalk\Backend\target\classes\pe\edu\upc\backend\controllers\RolController.class]
2025-05-12 10:14:32 - [DEBUG] - Identified candidate component class: file [C:\Users\KEVIN SANTAMARIA\TFinal\TF-SecureWalk\Backend\target\classes\pe\edu\upc\backend\controllers\RutaController.class]
2025-05-12 10:14:32 - [DEBUG] - Identified candidate component class: file [C:\Users\KEVIN SANTAMARIA\TFinal\TF-SecureWalk\Backend\target\classes\pe\edu\upc\backend\controllers\UsuarioController.class]
2025-05-12 10:14:32 - [DEBUG] - Identified candidate component class: file [C:\Users\KEVIN SANTAMARIA\TFinal\TF-SecureWalk\Backend\target\classes\pe\edu\upc\backend\controllers\UsuarioRutaController.class]
2025-05-12 10:14:32 - [DEBUG] - Identified candidate component class: file [C:\Users\KEVIN SANTAMARIA\TFinal\TF-SecureWalk\Backend\target\classes\pe\edu\upc\backend\controllers\ZonaController.class]
2025-05-12 10:14:32 - [DEBUG] - Ignored because not a concrete top-level class: file [C:\Users\KEVIN SANTAMARIA\TFinal\TF-SecureWalk\Backend\target\classes\pe\edu\upc\backend\repositories\IComentarioRepository.class]
2025-05-12 10:14:32 - [DEBUG] - Ignored because not a concrete top-level class: file [C:\Users\KEVIN SANTAMARIA\TFinal\TF-SecureWalk\Backend\target\classes\pe\edu\upc\backend\repositories\IEncuestaPreguntaRepository.class]
2025-05-12 10:14:32 - [DEBUG] - Ignored because not a concrete top-level class: file [C:\Users\KEVIN SANTAMARIA\TFinal\TF-SecureWalk\Backend\target\classes\pe\edu\upc\backend\repositories\IEncuestaRepository.class]
2025-05-12 10:14:32 - [DEBUG] - Ignored because not a concrete top-level class: file [C:\Users\KEVIN SANTAMARIA\TFinal\TF-SecureWalk\Backend\target\classes\pe\edu\upc\backend\repositories\IEvaluacionIncidenteRepository.class]
2025-05-12 10:14:32 - [DEBUG] - Ignored because not a concrete top-level class: file [C:\Users\KEVIN SANTAMARIA\TFinal\TF-SecureWalk\Backend\target\classes\pe\edu\upc\backend\repositories\IIncidenteRepository.class]
2025-05-12 10:14:32 - [DEBUG] - Ignored because not a concrete top-level class: file [C:\Users\KEVIN SANTAMARIA\TFinal\TF-SecureWalk\Backend\target\classes\pe\edu\upc\backend\repositories\IPostRepository.class]
2025-05-12 10:14:32 - [DEBUG] - Ignored because not a concrete top-level class: file [C:\Users\KEVIN SANTAMARIA\TFinal\TF-SecureWalk\Backend\target\classes\pe\edu\upc\backend\repositories\IPreguntaRepository.class]
2025-05-12 10:14:32 - [DEBUG] - Ignored because not a concrete top-level class: file [C:\Users\KEVIN SANTAMARIA\TFinal\TF-SecureWalk\Backend\target\classes\pe\edu\upc\backend\repositories\IRutaRepository.class]
2025-05-12 10:14:32 - [DEBUG] - Ignored because not a concrete top-level class: file [C:\Users\KEVIN SANTAMARIA\TFinal\TF-SecureWalk\Backend\target\classes\pe\edu\upc\backend\repositories\IUsuarioRepository.class]
2025-05-12 10:14:32 - [DEBUG] - Ignored because not a concrete top-level class: file [C:\Users\KEVIN SANTAMARIA\TFinal\TF-SecureWalk\Backend\target\classes\pe\edu\upc\backend\repositories\IZonaRepository.class]
2025-05-12 10:14:32 - [DEBUG] - Identified candidate component class: file [C:\Users\KEVIN SANTAMARIA\TFinal\TF-SecureWalk\Backend\target\classes\pe\edu\upc\backend\securities\JwtAuthenticationEntryPoint.class]
2025-05-12 10:14:32 - [DEBUG] - Identified candidate component class: file [C:\Users\KEVIN SANTAMARIA\TFinal\TF-SecureWalk\Backend\target\classes\pe\edu\upc\backend\securities\JwtRequestFilter.class]
2025-05-12 10:14:32 - [DEBUG] - Identified candidate component class: file [C:\Users\KEVIN SANTAMARIA\TFinal\TF-SecureWalk\Backend\target\classes\pe\edu\upc\backend\securities\JwtTokenUtil.class]
2025-05-12 10:14:32 - [DEBUG] - Identified candidate component class: file [C:\Users\KEVIN SANTAMARIA\TFinal\TF-SecureWalk\Backend\target\classes\pe\edu\upc\backend\securities\WebSecurityConfig.class]
2025-05-12 10:14:32 - [DEBUG] - Identified candidate component class: file [C:\Users\KEVIN SANTAMARIA\TFinal\TF-SecureWalk\Backend\target\classes\pe\edu\upc\backend\serviceimplements\ComentarioImplement.class]
2025-05-12 10:14:32 - [DEBUG] - Identified candidate component class: file [C:\Users\KEVIN SANTAMARIA\TFinal\TF-SecureWalk\Backend\target\classes\pe\edu\upc\backend\serviceimplements\EncuestaImplement.class]
2025-05-12 10:14:32 - [DEBUG] - Identified candidate component class: file [C:\Users\KEVIN SANTAMARIA\TFinal\TF-SecureWalk\Backend\target\classes\pe\edu\upc\backend\serviceimplements\EncuestaPreguntaImplement.class]
2025-05-12 10:14:32 - [DEBUG] - Identified candidate component class: file [C:\Users\KEVIN SANTAMARIA\TFinal\TF-SecureWalk\Backend\target\classes\pe\edu\upc\backend\serviceimplements\EvaluacionIndicenteImplement.class]
2025-05-12 10:14:32 - [DEBUG] - Identified candidate component class: file [C:\Users\KEVIN SANTAMARIA\TFinal\TF-SecureWalk\Backend\target\classes\pe\edu\upc\backend\serviceimplements\IncidenteImplement.class]
2025-05-12 10:14:32 - [DEBUG] - Identified candidate component class: file [C:\Users\KEVIN SANTAMARIA\TFinal\TF-SecureWalk\Backend\target\classes\pe\edu\upc\backend\serviceimplements\JwtUserDetailsService.class]
2025-05-12 10:14:32 - [DEBUG] - Identified candidate component class: file [C:\Users\KEVIN SANTAMARIA\TFinal\TF-SecureWalk\Backend\target\classes\pe\edu\upc\backend\serviceimplements\PostImplement.class]
2025-05-12 10:14:32 - [DEBUG] - Identified candidate component class: file [C:\Users\KEVIN SANTAMARIA\TFinal\TF-SecureWalk\Backend\target\classes\pe\edu\upc\backend\serviceimplements\PreguntaImplement.class]
2025-05-12 10:14:32 - [DEBUG] - Identified candidate component class: file [C:\Users\KEVIN SANTAMARIA\TFinal\TF-SecureWalk\Backend\target\classes\pe\edu\upc\backend\serviceimplements\RespuestaImplement.class]
2025-05-12 10:14:32 - [DEBUG] - Identified candidate component class: file [C:\Users\KEVIN SANTAMARIA\TFinal\TF-SecureWalk\Backend\target\classes\pe\edu\upc\backend\serviceimplements\RolServiceImplement.class]
2025-05-12 10:14:32 - [DEBUG] - Identified candidate component class: file [C:\Users\KEVIN SANTAMARIA\TFinal\TF-SecureWalk\Backend\target\classes\pe\edu\upc\backend\serviceimplements\RutaServiceImplement.class]
2025-05-12 10:14:32 - [DEBUG] - Identified candidate component class: file [C:\Users\KEVIN SANTAMARIA\TFinal\TF-SecureWalk\Backend\target\classes\pe\edu\upc\backend\serviceimplements\UsuarioImplement.class]
2025-05-12 10:14:32 - [DEBUG] - Identified candidate component class: file [C:\Users\KEVIN SANTAMARIA\TFinal\TF-SecureWalk\Backend\target\classes\pe\edu\upc\backend\serviceimplements\UsuarioRutaImplement.class]
2025-05-12 10:14:32 - [DEBUG] - Identified candidate component class: file [C:\Users\KEVIN SANTAMARIA\TFinal\TF-SecureWalk\Backend\target\classes\pe\edu\upc\backend\serviceimplements\ZonaServiceImplement.class]
2025-05-12 10:14:33 - [INFO] - Bootstrapping Spring Data JPA repositories in DEFAULT mode.
2025-05-12 10:14:33 - [DEBUG] - Creating shared instance of singleton bean 'org.springframework.boot.autoconfigure.AutoConfigurationPackages'
2025-05-12 10:14:33 - [DEBUG] - @EnableAutoConfiguration was declared on a class in the package 'pe.edu.upc.backend'. Automatic @Repository and @Entity scanning is enabled.
2025-05-12 10:14:33 - [DEBUG] - Scanning for JPA repositories in packages pe.edu.upc.backend.
2025-05-12 10:14:33 - [DEBUG] - Identified candidate component class: file [C:\Users\KEVIN SANTAMARIA\TFinal\TF-SecureWalk\Backend\target\classes\pe\edu\upc\backend\repositories\IComentarioRepository.class]
2025-05-12 10:14:33 - [DEBUG] - Identified candidate component class: file [C:\Users\KEVIN SANTAMARIA\TFinal\TF-SecureWalk\Backend\target\classes\pe\edu\upc\backend\repositories\IEncuestaPreguntaRepository.class]
2025-05-12 10:14:33 - [DEBUG] - Identified candidate component class: file [C:\Users\KEVIN SANTAMARIA\TFinal\TF-SecureWalk\Backend\target\classes\pe\edu\upc\backend\repositories\IEncuestaRepository.class]
2025-05-12 10:14:33 - [DEBUG] - Identified candidate component class: file [C:\Users\KEVIN SANTAMARIA\TFinal\TF-SecureWalk\Backend\target\classes\pe\edu\upc\backend\repositories\IEvaluacionIncidenteRepository.class]
2025-05-12 10:14:33 - [DEBUG] - Identified candidate component class: file [C:\Users\KEVIN SANTAMARIA\TFinal\TF-SecureWalk\Backend\target\classes\pe\edu\upc\backend\repositories\IIncidenteRepository.class]
2025-05-12 10:14:33 - [DEBUG] - Identified candidate component class: file [C:\Users\KEVIN SANTAMARIA\TFinal\TF-SecureWalk\Backend\target\classes\pe\edu\upc\backend\repositories\IPostRepository.class]
2025-05-12 10:14:33 - [DEBUG] - Identified candidate component class: file [C:\Users\KEVIN SANTAMARIA\TFinal\TF-SecureWalk\Backend\target\classes\pe\edu\upc\backend\repositories\IPreguntaRepository.class]
2025-05-12 10:14:33 - [DEBUG] - Identified candidate component class: file [C:\Users\KEVIN SANTAMARIA\TFinal\TF-SecureWalk\Backend\target\classes\pe\edu\upc\backend\repositories\IRespuestaRepository.class]
2025-05-12 10:14:33 - [DEBUG] - Identified candidate component class: file [C:\Users\KEVIN SANTAMARIA\TFinal\TF-SecureWalk\Backend\target\classes\pe\edu\upc\backend\repositories\IRolRepository.class]
2025-05-12 10:14:33 - [DEBUG] - Identified candidate component class: file [C:\Users\KEVIN SANTAMARIA\TFinal\TF-SecureWalk\Backend\target\classes\pe\edu\upc\backend\repositories\IRutaRepository.class]
2025-05-12 10:14:33 - [DEBUG] - Identified candidate component class: file [C:\Users\KEVIN SANTAMARIA\TFinal\TF-SecureWalk\Backend\target\classes\pe\edu\upc\backend\repositories\IUsuarioRepository.class]
2025-05-12 10:14:33 - [DEBUG] - Identified candidate component class: file [C:\Users\KEVIN SANTAMARIA\TFinal\TF-SecureWalk\Backend\target\classes\pe\edu\upc\backend\repositories\IUsuarioRutaRepository.class]
2025-05-12 10:14:33 - [DEBUG] - Identified candidate component class: file [C:\Users\KEVIN SANTAMARIA\TFinal\TF-SecureWalk\Backend\target\classes\pe\edu\upc\backend\repositories\IZonaRepository.class]
2025-05-12 10:14:33 - [INFO] - Finished Spring Data repository scanning in 114 ms. Found 13 JPA repository interfaces.
2025-05-12 10:14:33 - [DEBUG] - Creating shared instance of singleton bean 'springSecurityHandlerMappingIntrospectorBeanDefinitionRegistryPostProcessor'
2025-05-12 10:14:33 - [DEBUG] - Creating shared instance of singleton bean 'propertySourcesPlaceholderConfigurer'
2025-05-12 10:14:33 - [DEBUG] - Creating shared instance of singleton bean 'org.springframework.boot.test.mock.mockito.MockitoPostProcessor'
2025-05-12 10:14:33 - [DEBUG] - Creating shared instance of singleton bean 'emBeanDefinitionRegistrarPostProcessor'
2025-05-12 10:14:33 - [DEBUG] - Creating shared instance of singleton bean 'org.springframework.boot.sql.init.dependency.DatabaseInitializationDependencyConfigurer$DependsOnDatabaseInitializationPostProcessor'
2025-05-12 10:14:33 - [DEBUG] - Creating shared instance of singleton bean 'org.springframework.context.event.internalEventListenerProcessor'
2025-05-12 10:14:33 - [DEBUG] - Creating shared instance of singleton bean 'conversionServicePostProcessor'
2025-05-12 10:14:33 - [DEBUG] - Creating shared instance of singleton bean 'preserveErrorControllerTargetClassPostProcessor'
2025-05-12 10:14:33 - [DEBUG] - Creating shared instance of singleton bean 'org.springframework.context.event.internalEventListenerFactory'
2025-05-12 10:14:33 - [DEBUG] - Creating shared instance of singleton bean 'org.springframework.transaction.config.internalTransactionalEventListenerFactory'
2025-05-12 10:14:33 - [DEBUG] - Creating shared instance of singleton bean 'org.springframework.boot.test.mock.mockito.MockitoPostProcessor$SpyPostProcessor'
2025-05-12 10:14:33 - [DEBUG] - Creating shared instance of singleton bean 'org.springframework.context.annotation.internalAutowiredAnnotationProcessor'
2025-05-12 10:14:33 - [DEBUG] - Creating shared instance of singleton bean 'org.springframework.context.annotation.internalCommonAnnotationProcessor'
2025-05-12 10:14:33 - [DEBUG] - Creating shared instance of singleton bean 'org.springframework.context.annotation.internalPersistenceAnnotationProcessor'
2025-05-12 10:14:33 - [DEBUG] - Creating shared instance of singleton bean 'org.springframework.boot.context.properties.ConfigurationPropertiesBindingPostProcessor'
2025-05-12 10:14:33 - [DEBUG] - Creating shared instance of singleton bean 'org.springframework.boot.context.internalConfigurationPropertiesBinder'
2025-05-12 10:14:33 - [DEBUG] - Creating shared instance of singleton bean 'jdbcConnectionDetailsHikariBeanPostProcessor'
2025-05-12 10:14:33 - [DEBUG] - Creating shared instance of singleton bean 'org.springframework.aop.config.internalAutoProxyCreator'
2025-05-12 10:14:33 - [DEBUG] - Creating shared instance of singleton bean 'persistenceExceptionTranslationPostProcessor'
2025-05-12 10:14:33 - [DEBUG] - Autowiring by type from bean name 'persistenceExceptionTranslationPostProcessor' via factory method to bean named 'environment'
2025-05-12 10:14:33 - [DEBUG] - Creating shared instance of singleton bean 'webServerFactoryCustomizerBeanPostProcessor'
2025-05-12 10:14:33 - [DEBUG] - Creating shared instance of singleton bean 'errorPageRegistrarBeanPostProcessor'
2025-05-12 10:14:33 - [DEBUG] - Creating shared instance of singleton bean 'projectingArgumentResolverBeanPostProcessor'
2025-05-12 10:14:33 - [DEBUG] - Creating shared instance of singleton bean 'preFilterAuthorizationAdvisor'
2025-05-12 10:14:33 - [DEBUG] - Creating shared instance of singleton bean 'preFilterAuthorizationMethodInterceptor'
2025-05-12 10:14:33 - [DEBUG] - Creating shared instance of singleton bean 'preAuthorizeAuthorizationAdvisor'
2025-05-12 10:14:33 - [DEBUG] - Creating shared instance of singleton bean 'preAuthorizeAuthorizationMethodInterceptor'
2025-05-12 10:14:33 - [DEBUG] - Creating shared instance of singleton bean 'postFilterAuthorizationAdvisor'
2025-05-12 10:14:33 - [DEBUG] - Creating shared instance of singleton bean 'postFilterAuthorizationMethodInterceptor'
2025-05-12 10:14:33 - [DEBUG] - Creating shared instance of singleton bean 'postAuthorizeAuthorizationAdvisor'
2025-05-12 10:14:33 - [DEBUG] - Creating shared instance of singleton bean 'postAuthorizeAuthorizationMethodInterceptor'
2025-05-12 10:14:33 - [DEBUG] - Creating shared instance of singleton bean 'authorizeReturnObjectAdvisor'
2025-05-12 10:14:33 - [DEBUG] - Creating shared instance of singleton bean 'authorizeReturnObjectMethodInterceptor'
2025-05-12 10:14:33 - [DEBUG] - Creating shared instance of singleton bean 'authorizationProxyFactory'
2025-05-12 10:14:33 - [DEBUG] - Creating shared instance of singleton bean 'org.springframework.transaction.config.internalTransactionAdvisor'
2025-05-12 10:14:33 - [DEBUG] - Creating shared instance of singleton bean 'org.springframework.transaction.annotation.ProxyTransactionManagementConfiguration'
2025-05-12 10:14:33 - [DEBUG] - Creating shared instance of singleton bean 'transactionAttributeSource'
2025-05-12 10:14:33 - [DEBUG] - Creating shared instance of singleton bean 'transactionInterceptor'
2025-05-12 10:14:33 - [DEBUG] - Autowiring by type from bean name 'transactionInterceptor' via factory method to bean named 'transactionAttributeSource'
2025-05-12 10:14:33 - [DEBUG] - Autowiring by type from bean name 'org.springframework.transaction.config.internalTransactionAdvisor' via factory method to bean named 'transactionAttributeSource'
2025-05-12 10:14:33 - [DEBUG] - Autowiring by type from bean name 'org.springframework.transaction.config.internalTransactionAdvisor' via factory method to bean named 'transactionInterceptor'
2025-05-12 10:14:33 - [DEBUG] - Autowiring by type from bean name 'authorizeReturnObjectMethodInterceptor' via factory method to bean named 'authorizationProxyFactory'
2025-05-12 10:14:34 - [DEBUG] - Unable to locate ThemeSource with name 'themeSource': using default [org.springframework.ui.context.support.ResourceBundleThemeSource@372f0a99]
2025-05-12 10:14:34 - [DEBUG] - Creating shared instance of singleton bean 'org.springframework.test.context.support.internalDynamicPropertyRegistrarBeanInitializer'
2025-05-12 10:14:34 - [DEBUG] - Creating shared instance of singleton bean 'dataSourceScriptDatabaseInitializer'
2025-05-12 10:14:34 - [DEBUG] - Creating shared instance of singleton bean 'org.springframework.boot.autoconfigure.sql.init.DataSourceInitializationConfiguration'
2025-05-12 10:14:34 - [DEBUG] - Creating shared instance of singleton bean 'dataSource'
2025-05-12 10:14:34 - [DEBUG] - Creating shared instance of singleton bean 'org.springframework.boot.autoconfigure.jdbc.DataSourceConfiguration$Hikari'
2025-05-12 10:14:34 - [DEBUG] - Creating shared instance of singleton bean 'spring.datasource-org.springframework.boot.autoconfigure.jdbc.DataSourceProperties'
2025-05-12 10:14:34 - [DEBUG] - Creating shared instance of singleton bean 'org.springframework.boot.context.properties.BoundConfigurationProperties'
2025-05-12 10:14:34 - [DEBUG] - Creating shared instance of singleton bean 'jdbcConnectionDetails'
2025-05-12 10:14:34 - [DEBUG] - Creating shared instance of singleton bean 'org.springframework.boot.autoconfigure.jdbc.DataSourceAutoConfiguration$PooledDataSourceConfiguration'
2025-05-12 10:14:34 - [DEBUG] - Autowiring by type from bean name 'jdbcConnectionDetails' via factory method to bean named 'spring.datasource-org.springframework.boot.autoconfigure.jdbc.DataSourceProperties'
2025-05-12 10:14:34 - [DEBUG] - Autowiring by type from bean name 'dataSource' via factory method to bean named 'spring.datasource-org.springframework.boot.autoconfigure.jdbc.DataSourceProperties'
2025-05-12 10:14:34 - [DEBUG] - Autowiring by type from bean name 'dataSource' via factory method to bean named 'jdbcConnectionDetails'
2025-05-12 10:14:34 - [DEBUG] - Creating shared instance of singleton bean 'spring.sql.init-org.springframework.boot.autoconfigure.sql.init.SqlInitializationProperties'
2025-05-12 10:14:34 - [DEBUG] - Autowiring by type from bean name 'dataSourceScriptDatabaseInitializer' via factory method to bean named 'dataSource'
2025-05-12 10:14:34 - [DEBUG] - Autowiring by type from bean name 'dataSourceScriptDatabaseInitializer' via factory method to bean named 'spring.sql.init-org.springframework.boot.autoconfigure.sql.init.SqlInitializationProperties'
2025-05-12 10:14:34 - [DEBUG] - Creating shared instance of singleton bean 'entityManagerFactory'
2025-05-12 10:14:34 - [DEBUG] - Creating shared instance of singleton bean 'org.springframework.boot.autoconfigure.orm.jpa.HibernateJpaConfiguration'
2025-05-12 10:14:34 - [DEBUG] - Creating shared instance of singleton bean 'spring.jpa-org.springframework.boot.autoconfigure.orm.jpa.JpaProperties'
2025-05-12 10:14:34 - [DEBUG] - Creating shared instance of singleton bean 'spring.jpa.hibernate-org.springframework.boot.autoconfigure.orm.jpa.HibernateProperties'
2025-05-12 10:14:34 - [DEBUG] - Autowiring by type from bean name 'org.springframework.boot.autoconfigure.orm.jpa.HibernateJpaConfiguration' via constructor to bean named 'dataSource'
2025-05-12 10:14:34 - [DEBUG] - Autowiring by type from bean name 'org.springframework.boot.autoconfigure.orm.jpa.HibernateJpaConfiguration' via constructor to bean named 'spring.jpa-org.springframework.boot.autoconfigure.orm.jpa.JpaProperties'
2025-05-12 10:14:34 - [DEBUG] - Autowiring by type from bean name 'org.springframework.boot.autoconfigure.orm.jpa.HibernateJpaConfiguration' via constructor to bean named 'org.springframework.beans.factory.support.DefaultListableBeanFactory@15fb7a32'
2025-05-12 10:14:34 - [DEBUG] - Autowiring by type from bean name 'org.springframework.boot.autoconfigure.orm.jpa.HibernateJpaConfiguration' via constructor to bean named 'spring.jpa.hibernate-org.springframework.boot.autoconfigure.orm.jpa.HibernateProperties'
2025-05-12 10:14:34 - [DEBUG] - Creating shared instance of singleton bean 'hikariPoolDataSourceMetadataProvider'
2025-05-12 10:14:34 - [DEBUG] - Creating shared instance of singleton bean 'org.springframework.boot.autoconfigure.jdbc.metadata.DataSourcePoolMetadataProvidersConfiguration$HikariPoolDataSourceMetadataProviderConfiguration'
2025-05-12 10:14:34 - [DEBUG] - Creating shared instance of singleton bean 'entityManagerFactoryBuilder'
2025-05-12 10:14:34 - [DEBUG] - Creating shared instance of singleton bean 'jpaVendorAdapter'
2025-05-12 10:14:34 - [DEBUG] - Autowiring by type from bean name 'entityManagerFactoryBuilder' via factory method to bean named 'jpaVendorAdapter'
2025-05-12 10:14:34 - [DEBUG] - Creating shared instance of singleton bean 'persistenceManagedTypes'
2025-05-12 10:14:34 - [DEBUG] - Autowiring by type from bean name 'persistenceManagedTypes' via factory method to bean named 'org.springframework.beans.factory.support.DefaultListableBeanFactory@15fb7a32'
2025-05-12 10:14:34 - [DEBUG] - Autowiring by type from bean name 'persistenceManagedTypes' via factory method to bean named 'org.springframework.web.context.support.GenericWebApplicationContext@312afbc7'
2025-05-12 10:14:34 - [DEBUG] - Autowiring by type from bean name 'entityManagerFactory' via factory method to bean named 'entityManagerFactoryBuilder'
2025-05-12 10:14:34 - [DEBUG] - Autowiring by type from bean name 'entityManagerFactory' via factory method to bean named 'persistenceManagedTypes'
2025-05-12 10:14:34 - [DEBUG] - Building JPA container EntityManagerFactory for persistence unit 'default'
2025-05-12 10:14:34 - [INFO] - HHH000204: Processing PersistenceUnitInfo [name: default]
2025-05-12 10:14:34 - [INFO] - HHH000412: Hibernate ORM core version 6.6.11.Final
2025-05-12 10:14:34 - [INFO] - HHH000026: Second-level cache disabled
2025-05-12 10:14:35 - [INFO] - No LoadTimeWeaver setup: ignoring JPA class transformer
2025-05-12 10:14:35 - [INFO] - HikariPool-1 - Starting...
2025-05-12 10:14:35 - [INFO] - HikariPool-1 - Added connection org.postgresql.jdbc.PgConnection@4c6fc3e7
2025-05-12 10:14:35 - [INFO] - HikariPool-1 - Start completed.
2025-05-12 10:14:35 - [WARN] - HHH90000025: PostgreSQLDialect does not need to be specified explicitly using 'hibernate.dialect' (remove the property setting and it will be selected by default)
2025-05-12 10:14:35 - [INFO] - HHH10001005: Database info:
	Database JDBC URL [Connecting through datasource 'HikariDataSource (HikariPool-1)']
	Database driver: undefined/unknown
	Database version: 16.4
	Autocommit mode: undefined/unknown
	Isolation level: undefined/unknown
	Minimum pool size: undefined/unknown
	Maximum pool size: undefined/unknown
2025-05-12 10:14:36 - [INFO] - HHH000489: No JTA platform available (set 'hibernate.transaction.jta.platform' to enable JTA platform integration)
2025-05-12 10:14:37 - [INFO] - Initialized JPA EntityManagerFactory for persistence unit 'default'
2025-05-12 10:14:37 - [DEBUG] - Creating shared instance of singleton bean 'backendApplication'
2025-05-12 10:14:37 - [DEBUG] - Creating shared instance of singleton bean 'comentarioController'
2025-05-12 10:14:37 - [DEBUG] - Creating shared instance of singleton bean 'comentarioImplement'
2025-05-12 10:14:37 - [DEBUG] - Creating shared instance of singleton bean 'IComentarioRepository'
2025-05-12 10:14:37 - [DEBUG] - Creating shared instance of singleton bean 'jpa.named-queries#3'
2025-05-12 10:14:37 - [DEBUG] - Creating shared instance of singleton bean 'jpa.IComentarioRepository.fragments#0'
2025-05-12 10:14:37 - [DEBUG] - Creating shared instance of singleton bean 'jpaSharedEM_entityManagerFactory'
2025-05-12 10:14:37 - [DEBUG] - Creating shared instance of singleton bean 'jpaMappingContext'
2025-05-12 10:14:37 - [DEBUG] - Initializing JpaMetamodelMappingContext…
2025-05-12 10:14:37 - [DEBUG] - Finished initializing JpaMetamodelMappingContext
2025-05-12 10:14:37 - [DEBUG] - Creating new EntityManager for shared EntityManager invocation
2025-05-12 10:14:38 - [DEBUG] - Creating new EntityManager for shared EntityManager invocation
2025-05-12 10:14:38 - [DEBUG] - Initializing repository instance for pe.edu.upc.backend.repositories.IComentarioRepository…
2025-05-12 10:14:38 - [DEBUG] - Creating new EntityManager for shared EntityManager invocation
2025-05-12 10:14:38 - [DEBUG] - Did not find named query Comentario.TotalComentariosPorUsuario.count
2025-05-12 10:14:38 - [DEBUG] - Creating new EntityManager for shared EntityManager invocation
2025-05-12 10:14:38 - [INFO] - Hibernate is in classpath; If applicable, HQL parser will be used.
2025-05-12 10:14:38 - [DEBUG] - Finished creation of repository instance for pe.edu.upc.backend.repositories.IComentarioRepository.
2025-05-12 10:14:38 - [DEBUG] - Creating shared instance of singleton bean 'encuestaController'
2025-05-12 10:14:38 - [DEBUG] - Creating shared instance of singleton bean 'encuestaImplement'
2025-05-12 10:14:38 - [DEBUG] - Creating shared instance of singleton bean 'IEncuestaRepository'
2025-05-12 10:14:38 - [DEBUG] - Creating shared instance of singleton bean 'jpa.named-queries#5'
2025-05-12 10:14:38 - [DEBUG] - Creating shared instance of singleton bean 'jpa.IEncuestaRepository.fragments#0'
2025-05-12 10:14:38 - [DEBUG] - Creating new EntityManager for shared EntityManager invocation
2025-05-12 10:14:38 - [DEBUG] - Initializing repository instance for pe.edu.upc.backend.repositories.IEncuestaRepository…
2025-05-12 10:14:38 - [DEBUG] - Creating new EntityManager for shared EntityManager invocation
2025-05-12 10:14:38 - [DEBUG] - Finished creation of repository instance for pe.edu.upc.backend.repositories.IEncuestaRepository.
2025-05-12 10:14:38 - [DEBUG] - Creating shared instance of singleton bean 'encuestaPreguntaController'
2025-05-12 10:14:38 - [DEBUG] - Creating shared instance of singleton bean 'encuestaPreguntaImplement'
2025-05-12 10:14:38 - [DEBUG] - Creating shared instance of singleton bean 'IEncuestaPreguntaRepository'
2025-05-12 10:14:38 - [DEBUG] - Creating shared instance of singleton bean 'jpa.named-queries#10'
2025-05-12 10:14:38 - [DEBUG] - Creating shared instance of singleton bean 'jpa.IEncuestaPreguntaRepository.fragments#0'
2025-05-12 10:14:38 - [DEBUG] - Creating new EntityManager for shared EntityManager invocation
2025-05-12 10:14:38 - [DEBUG] - Initializing repository instance for pe.edu.upc.backend.repositories.IEncuestaPreguntaRepository…
2025-05-12 10:14:38 - [DEBUG] - Creating new EntityManager for shared EntityManager invocation
2025-05-12 10:14:38 - [DEBUG] - Finished creation of repository instance for pe.edu.upc.backend.repositories.IEncuestaPreguntaRepository.
2025-05-12 10:14:38 - [DEBUG] - Creating shared instance of singleton bean 'evaluacionIncidenteController'
2025-05-12 10:14:38 - [DEBUG] - Creating shared instance of singleton bean 'evaluacionIndicenteImplement'
2025-05-12 10:14:38 - [DEBUG] - Creating shared instance of singleton bean 'IEvaluacionIncidenteRepository'
2025-05-12 10:14:38 - [DEBUG] - Creating shared instance of singleton bean 'jpa.named-queries#11'
2025-05-12 10:14:38 - [DEBUG] - Creating shared instance of singleton bean 'jpa.IEvaluacionIncidenteRepository.fragments#0'
2025-05-12 10:14:38 - [DEBUG] - Creating new EntityManager for shared EntityManager invocation
2025-05-12 10:14:38 - [DEBUG] - Initializing repository instance for pe.edu.upc.backend.repositories.IEvaluacionIncidenteRepository…
2025-05-12 10:14:38 - [DEBUG] - Creating new EntityManager for shared EntityManager invocation
2025-05-12 10:14:38 - [DEBUG] - Finished creation of repository instance for pe.edu.upc.backend.repositories.IEvaluacionIncidenteRepository.
2025-05-12 10:14:38 - [DEBUG] - Creating shared instance of singleton bean 'incidenteController'
2025-05-12 10:14:38 - [DEBUG] - Creating shared instance of singleton bean 'incidenteImplement'
2025-05-12 10:14:38 - [DEBUG] - Creating shared instance of singleton bean 'IIncidenteRepository'
2025-05-12 10:14:38 - [DEBUG] - Creating shared instance of singleton bean 'jpa.named-queries#2'
2025-05-12 10:14:38 - [DEBUG] - Creating shared instance of singleton bean 'jpa.IIncidenteRepository.fragments#0'
2025-05-12 10:14:38 - [DEBUG] - Creating new EntityManager for shared EntityManager invocation
2025-05-12 10:14:38 - [DEBUG] - Initializing repository instance for pe.edu.upc.backend.repositories.IIncidenteRepository…
2025-05-12 10:14:38 - [DEBUG] - Creating new EntityManager for shared EntityManager invocation
2025-05-12 10:14:38 - [DEBUG] - Did not find named query Incidente.IncidentesPorUsuario.count
2025-05-12 10:14:38 - [DEBUG] - Creating new EntityManager for shared EntityManager invocation
2025-05-12 10:14:38 - [DEBUG] - Finished creation of repository instance for pe.edu.upc.backend.repositories.IIncidenteRepository.
2025-05-12 10:14:38 - [DEBUG] - Creating shared instance of singleton bean 'jwtAuthenticationController'
2025-05-12 10:14:38 - [DEBUG] - Creating shared instance of singleton bean 'authenticationManager'
2025-05-12 10:14:38 - [DEBUG] - Creating shared instance of singleton bean 'webSecurityConfig'
2025-05-12 10:14:38 - [DEBUG] - Creating shared instance of singleton bean 'jwtAuthenticationEntryPoint'
2025-05-12 10:14:38 - [DEBUG] - Creating shared instance of singleton bean 'jwtUserDetailsService'
2025-05-12 10:14:38 - [DEBUG] - Creating shared instance of singleton bean 'IUsuarioRepository'
2025-05-12 10:14:38 - [DEBUG] - Creating shared instance of singleton bean 'jpa.named-queries#0'
2025-05-12 10:14:38 - [DEBUG] - Creating shared instance of singleton bean 'jpa.IUsuarioRepository.fragments#0'
2025-05-12 10:14:38 - [DEBUG] - Creating new EntityManager for shared EntityManager invocation
2025-05-12 10:14:38 - [DEBUG] - Initializing repository instance for pe.edu.upc.backend.repositories.IUsuarioRepository…
2025-05-12 10:14:38 - [DEBUG] - Creating new EntityManager for shared EntityManager invocation
2025-05-12 10:14:38 - [DEBUG] - Looking up named query 'Usuario.findOneByUsername'
2025-05-12 10:14:38 - [DEBUG] - Did not find named query Usuario.findOneByUsername
2025-05-12 10:14:38 - [DEBUG] - Creating new EntityManager for shared EntityManager invocation
2025-05-12 10:14:38 - [DEBUG] - Finished creation of repository instance for pe.edu.upc.backend.repositories.IUsuarioRepository.
2025-05-12 10:14:38 - [DEBUG] - Creating shared instance of singleton bean 'jwtRequestFilter'
2025-05-12 10:14:38 - [DEBUG] - Creating shared instance of singleton bean 'jwtTokenUtil'
2025-05-12 10:14:38 - [DEBUG] - Found key 'jwt.secret' in PropertySource 'environmentProperties' with value of type String
2025-05-12 10:14:38 - [DEBUG] - Creating shared instance of singleton bean 'handlerExceptionResolver'
2025-05-12 10:14:38 - [DEBUG] - Creating shared instance of singleton bean 'org.springframework.boot.autoconfigure.web.servlet.WebMvcAutoConfiguration$EnableWebMvcConfiguration'
2025-05-12 10:14:38 - [DEBUG] - Creating shared instance of singleton bean 'spring.mvc-org.springframework.boot.autoconfigure.web.servlet.WebMvcProperties'
2025-05-12 10:14:38 - [DEBUG] - Creating shared instance of singleton bean 'spring.web-org.springframework.boot.autoconfigure.web.WebProperties'
2025-05-12 10:14:38 - [DEBUG] - Autowiring by type from bean name 'org.springframework.boot.autoconfigure.web.servlet.WebMvcAutoConfiguration$EnableWebMvcConfiguration' via constructor to bean named 'spring.mvc-org.springframework.boot.autoconfigure.web.servlet.WebMvcProperties'
2025-05-12 10:14:38 - [DEBUG] - Autowiring by type from bean name 'org.springframework.boot.autoconfigure.web.servlet.WebMvcAutoConfiguration$EnableWebMvcConfiguration' via constructor to bean named 'spring.web-org.springframework.boot.autoconfigure.web.WebProperties'
2025-05-12 10:14:38 - [DEBUG] - Autowiring by type from bean name 'org.springframework.boot.autoconfigure.web.servlet.WebMvcAutoConfiguration$EnableWebMvcConfiguration' via constructor to bean named 'org.springframework.beans.factory.support.DefaultListableBeanFactory@15fb7a32'
2025-05-12 10:14:38 - [DEBUG] - Creating shared instance of singleton bean 'org.springframework.security.config.annotation.web.configuration.WebMvcSecurityConfiguration'
2025-05-12 10:14:38 - [DEBUG] - Creating shared instance of singleton bean 'org.springframework.boot.autoconfigure.web.servlet.WebMvcAutoConfiguration$WebMvcAutoConfigurationAdapter'
2025-05-12 10:14:38 - [DEBUG] - Autowiring by type from bean name 'org.springframework.boot.autoconfigure.web.servlet.WebMvcAutoConfiguration$WebMvcAutoConfigurationAdapter' via constructor to bean named 'spring.web-org.springframework.boot.autoconfigure.web.WebProperties'
2025-05-12 10:14:38 - [DEBUG] - Autowiring by type from bean name 'org.springframework.boot.autoconfigure.web.servlet.WebMvcAutoConfiguration$WebMvcAutoConfigurationAdapter' via constructor to bean named 'spring.mvc-org.springframework.boot.autoconfigure.web.servlet.WebMvcProperties'
2025-05-12 10:14:38 - [DEBUG] - Autowiring by type from bean name 'org.springframework.boot.autoconfigure.web.servlet.WebMvcAutoConfiguration$WebMvcAutoConfigurationAdapter' via constructor to bean named 'org.springframework.beans.factory.support.DefaultListableBeanFactory@15fb7a32'
2025-05-12 10:14:38 - [DEBUG] - Creating shared instance of singleton bean 'resourceHandlerRegistrationCustomizer'
2025-05-12 10:14:38 - [DEBUG] - Creating shared instance of singleton bean 'org.springframework.boot.autoconfigure.web.servlet.WebMvcAutoConfiguration$ResourceChainCustomizerConfiguration'
2025-05-12 10:14:38 - [DEBUG] - Autowiring by type from bean name 'resourceHandlerRegistrationCustomizer' via factory method to bean named 'spring.web-org.springframework.boot.autoconfigure.web.WebProperties'
2025-05-12 10:14:38 - [DEBUG] - Creating shared instance of singleton bean 'swaggerWebMvcConfigurer'
2025-05-12 10:14:38 - [DEBUG] - Creating shared instance of singleton bean 'org.springdoc.webmvc.ui.SwaggerConfig'
2025-05-12 10:14:38 - [DEBUG] - Creating shared instance of singleton bean 'org.springdoc.core.properties.SwaggerUiConfigProperties'
2025-05-12 10:14:38 - [DEBUG] - Creating shared instance of singleton bean 'indexPageTransformer'
2025-05-12 10:14:38 - [DEBUG] - Creating shared instance of singleton bean 'org.springdoc.core.properties.SwaggerUiOAuthProperties'
2025-05-12 10:14:38 - [DEBUG] - Creating shared instance of singleton bean 'swaggerWelcome'
2025-05-12 10:14:38 - [DEBUG] - Creating shared instance of singleton bean 'org.springdoc.core.properties.SpringDocConfigProperties'
2025-05-12 10:14:38 - [DEBUG] - Creating shared instance of singleton bean 'springWebProvider'
2025-05-12 10:14:38 - [DEBUG] - Creating shared instance of singleton bean 'org.springdoc.webmvc.core.configuration.SpringDocWebMvcConfiguration'
2025-05-12 10:14:38 - [DEBUG] - Autowiring by type from bean name 'swaggerWelcome' via factory method to bean named 'org.springdoc.core.properties.SwaggerUiConfigProperties'
2025-05-12 10:14:38 - [DEBUG] - Autowiring by type from bean name 'swaggerWelcome' via factory method to bean named 'org.springdoc.core.properties.SpringDocConfigProperties'
2025-05-12 10:14:38 - [DEBUG] - Autowiring by type from bean name 'swaggerWelcome' via factory method to bean named 'springWebProvider'
2025-05-12 10:14:38 - [DEBUG] - Creating shared instance of singleton bean 'springdocObjectMapperProvider'
2025-05-12 10:14:38 - [DEBUG] - Creating shared instance of singleton bean 'org.springdoc.core.configuration.SpringDocConfiguration'
2025-05-12 10:14:38 - [DEBUG] - Autowiring by type from bean name 'springdocObjectMapperProvider' via factory method to bean named 'org.springdoc.core.properties.SpringDocConfigProperties'
2025-05-12 10:14:38 - [DEBUG] - Autowiring by type from bean name 'indexPageTransformer' via factory method to bean named 'org.springdoc.core.properties.SwaggerUiConfigProperties'
2025-05-12 10:14:38 - [DEBUG] - Autowiring by type from bean name 'indexPageTransformer' via factory method to bean named 'org.springdoc.core.properties.SwaggerUiOAuthProperties'
2025-05-12 10:14:38 - [DEBUG] - Autowiring by type from bean name 'indexPageTransformer' via factory method to bean named 'swaggerWelcome'
2025-05-12 10:14:38 - [DEBUG] - Autowiring by type from bean name 'indexPageTransformer' via factory method to bean named 'springdocObjectMapperProvider'
2025-05-12 10:14:38 - [DEBUG] - Creating shared instance of singleton bean 'swaggerResourceResolver'
2025-05-12 10:14:38 - [DEBUG] - Autowiring by type from bean name 'swaggerResourceResolver' via factory method to bean named 'org.springdoc.core.properties.SwaggerUiConfigProperties'
2025-05-12 10:14:38 - [DEBUG] - Autowiring by type from bean name 'swaggerWebMvcConfigurer' via factory method to bean named 'org.springdoc.core.properties.SwaggerUiConfigProperties'
2025-05-12 10:14:38 - [DEBUG] - Autowiring by type from bean name 'swaggerWebMvcConfigurer' via factory method to bean named 'indexPageTransformer'
2025-05-12 10:14:38 - [DEBUG] - Autowiring by type from bean name 'swaggerWebMvcConfigurer' via factory method to bean named 'swaggerResourceResolver'
2025-05-12 10:14:38 - [DEBUG] - Creating shared instance of singleton bean 'openEntityManagerInViewInterceptorConfigurer'
2025-05-12 10:14:38 - [DEBUG] - Creating shared instance of singleton bean 'org.springframework.boot.autoconfigure.orm.jpa.JpaBaseConfiguration$JpaWebConfiguration'
2025-05-12 10:14:38 - [DEBUG] - Autowiring by type from bean name 'org.springframework.boot.autoconfigure.orm.jpa.JpaBaseConfiguration$JpaWebConfiguration' via constructor to bean named 'spring.jpa-org.springframework.boot.autoconfigure.orm.jpa.JpaProperties'
2025-05-12 10:14:38 - [DEBUG] - Creating shared instance of singleton bean 'openEntityManagerInViewInterceptor'
2025-05-12 10:14:38 - [WARN] - spring.jpa.open-in-view is enabled by default. Therefore, database queries may be performed during view rendering. Explicitly configure spring.jpa.open-in-view to disable this warning
2025-05-12 10:14:38 - [DEBUG] - Autowiring by type from bean name 'openEntityManagerInViewInterceptorConfigurer' via factory method to bean named 'openEntityManagerInViewInterceptor'
2025-05-12 10:14:38 - [DEBUG] - Creating shared instance of singleton bean 'org.springframework.data.web.config.SpringDataWebConfiguration'
2025-05-12 10:14:38 - [DEBUG] - Autowiring by type from bean name 'org.springframework.data.web.config.SpringDataWebConfiguration' via constructor to bean named 'org.springframework.web.context.support.GenericWebApplicationContext@312afbc7'
2025-05-12 10:14:38 - [DEBUG] - Creating shared instance of singleton bean 'mvcContentNegotiationManager'
2025-05-12 10:14:38 - [DEBUG] - Autowiring by type from bean name 'handlerExceptionResolver' via factory method to bean named 'mvcContentNegotiationManager'
2025-05-12 10:14:38 - [DEBUG] - Creating shared instance of singleton bean 'messageConverters'
2025-05-12 10:14:38 - [DEBUG] - Creating shared instance of singleton bean 'org.springframework.boot.autoconfigure.http.HttpMessageConvertersAutoConfiguration'
2025-05-12 10:14:38 - [DEBUG] - Creating shared instance of singleton bean 'stringHttpMessageConverter'
2025-05-12 10:14:38 - [DEBUG] - Creating shared instance of singleton bean 'org.springframework.boot.autoconfigure.http.HttpMessageConvertersAutoConfiguration$StringHttpMessageConverterConfiguration'
2025-05-12 10:14:38 - [DEBUG] - Autowiring by type from bean name 'stringHttpMessageConverter' via factory method to bean named 'environment'
2025-05-12 10:14:38 - [DEBUG] - Creating shared instance of singleton bean 'mappingJackson2HttpMessageConverter'
2025-05-12 10:14:38 - [DEBUG] - Creating shared instance of singleton bean 'org.springframework.boot.autoconfigure.http.JacksonHttpMessageConvertersConfiguration$MappingJackson2HttpMessageConverterConfiguration'
2025-05-12 10:14:38 - [DEBUG] - Creating shared instance of singleton bean 'jacksonObjectMapper'
2025-05-12 10:14:38 - [DEBUG] - Creating shared instance of singleton bean 'org.springframework.boot.autoconfigure.jackson.JacksonAutoConfiguration$JacksonObjectMapperConfiguration'
2025-05-12 10:14:38 - [DEBUG] - Creating shared instance of singleton bean 'org.springframework.boot.autoconfigure.jackson.JacksonAutoConfiguration$JacksonObjectMapperBuilderConfiguration'
2025-05-12 10:14:38 - [DEBUG] - Creating shared instance of singleton bean 'standardJacksonObjectMapperBuilderCustomizer'
2025-05-12 10:14:38 - [DEBUG] - Creating shared instance of singleton bean 'org.springframework.boot.autoconfigure.jackson.JacksonAutoConfiguration$Jackson2ObjectMapperBuilderCustomizerConfiguration'
2025-05-12 10:14:38 - [DEBUG] - Creating shared instance of singleton bean 'spring.jackson-org.springframework.boot.autoconfigure.jackson.JacksonProperties'
2025-05-12 10:14:38 - [DEBUG] - Autowiring by type from bean name 'standardJacksonObjectMapperBuilderCustomizer' via factory method to bean named 'spring.jackson-org.springframework.boot.autoconfigure.jackson.JacksonProperties'
2025-05-12 10:14:38 - [DEBUG] - Creating shared instance of singleton bean 'parameterNamesModule'
2025-05-12 10:14:38 - [DEBUG] - Creating shared instance of singleton bean 'org.springframework.boot.autoconfigure.jackson.JacksonAutoConfiguration$ParameterNamesModuleConfiguration'
2025-05-12 10:14:38 - [DEBUG] - Creating shared instance of singleton bean 'jsonMixinModule'
2025-05-12 10:14:38 - [DEBUG] - Creating shared instance of singleton bean 'org.springframework.boot.autoconfigure.jackson.JacksonAutoConfiguration$JacksonMixinConfiguration'
2025-05-12 10:14:38 - [DEBUG] - Creating shared instance of singleton bean 'jsonMixinModuleEntries'
2025-05-12 10:14:38 - [DEBUG] - Autowiring by type from bean name 'jsonMixinModuleEntries' via factory method to bean named 'org.springframework.web.context.support.GenericWebApplicationContext@312afbc7'
2025-05-12 10:14:38 - [DEBUG] - Autowiring by type from bean name 'jsonMixinModule' via factory method to bean named 'org.springframework.web.context.support.GenericWebApplicationContext@312afbc7'
2025-05-12 10:14:38 - [DEBUG] - Autowiring by type from bean name 'jsonMixinModule' via factory method to bean named 'jsonMixinModuleEntries'
2025-05-12 10:14:38 - [DEBUG] - Creating shared instance of singleton bean 'jsonComponentModule'
2025-05-12 10:14:38 - [DEBUG] - Creating shared instance of singleton bean 'org.springframework.boot.autoconfigure.jackson.JacksonAutoConfiguration'
2025-05-12 10:14:38 - [DEBUG] - Creating shared instance of singleton bean 'jacksonGeoModule'
2025-05-12 10:14:38 - [DEBUG] - Creating shared instance of singleton bean 'org.springframework.data.web.config.SpringDataJacksonConfiguration'
2025-05-12 10:14:38 - [DEBUG] - Creating shared instance of singleton bean 'springDataWebSettings'
2025-05-12 10:14:38 - [DEBUG] - Creating shared instance of singleton bean 'org.springframework.boot.autoconfigure.data.web.SpringDataWebAutoConfiguration'
2025-05-12 10:14:38 - [DEBUG] - Creating shared instance of singleton bean 'spring.data.web-org.springframework.boot.autoconfigure.data.web.SpringDataWebProperties'
2025-05-12 10:14:38 - [DEBUG] - Autowiring by type from bean name 'org.springframework.boot.autoconfigure.data.web.SpringDataWebAutoConfiguration' via constructor to bean named 'spring.data.web-org.springframework.boot.autoconfigure.data.web.SpringDataWebProperties'
2025-05-12 10:14:38 - [DEBUG] - Creating shared instance of singleton bean 'pageModule'
2025-05-12 10:14:38 - [DEBUG] - Autowiring by type from bean name 'jacksonObjectMapperBuilder' via factory method to bean named 'org.springframework.web.context.support.GenericWebApplicationContext@312afbc7'
2025-05-12 10:14:38 - [DEBUG] - Autowiring by type from bean name 'jacksonObjectMapperBuilder' via factory method to bean named 'standardJacksonObjectMapperBuilderCustomizer'
2025-05-12 10:14:38 - [DEBUG] - Autowiring by type from bean name 'jacksonObjectMapper' via factory method to bean named 'jacksonObjectMapperBuilder'
2025-05-12 10:14:38 - [DEBUG] - Autowiring by type from bean name 'mappingJackson2HttpMessageConverter' via factory method to bean named 'jacksonObjectMapper'
2025-05-12 10:14:38 - [DEBUG] - Creating shared instance of singleton bean 'sortResolver'
2025-05-12 10:14:38 - [DEBUG] - Creating shared instance of singleton bean 'sortCustomizer'
2025-05-12 10:14:38 - [DEBUG] - Creating shared instance of singleton bean 'pageableResolver'
2025-05-12 10:14:38 - [DEBUG] - Creating shared instance of singleton bean 'pageableCustomizer'
2025-05-12 10:14:38 - [DEBUG] - ControllerAdvice beans: 1 @ExceptionHandler, 1 ResponseBodyAdvice
2025-05-12 10:14:38 - [DEBUG] - Creating shared instance of singleton bean 'authenticationManagerBuilder'
2025-05-12 10:14:38 - [DEBUG] - Creating shared instance of singleton bean 'org.springframework.security.config.annotation.authentication.configuration.AuthenticationConfiguration'
2025-05-12 10:14:38 - [DEBUG] - Creating shared instance of singleton bean 'enableGlobalAuthenticationAutowiredConfigurer'
2025-05-12 10:14:38 - [DEBUG] - Autowiring by type from bean name 'enableGlobalAuthenticationAutowiredConfigurer' via factory method to bean named 'org.springframework.web.context.support.GenericWebApplicationContext@312afbc7'
2025-05-12 10:14:38 - [DEBUG] - Creating shared instance of singleton bean 'initializeUserDetailsBeanManagerConfigurer'
2025-05-12 10:14:38 - [DEBUG] - Autowiring by type from bean name 'initializeUserDetailsBeanManagerConfigurer' via factory method to bean named 'org.springframework.web.context.support.GenericWebApplicationContext@312afbc7'
2025-05-12 10:14:38 - [DEBUG] - Creating shared instance of singleton bean 'initializeAuthenticationProviderBeanManagerConfigurer'
2025-05-12 10:14:38 - [DEBUG] - Autowiring by type from bean name 'initializeAuthenticationProviderBeanManagerConfigurer' via factory method to bean named 'org.springframework.web.context.support.GenericWebApplicationContext@312afbc7'
2025-05-12 10:14:38 - [DEBUG] - Creating shared instance of singleton bean 'objectPostProcessor'
2025-05-12 10:14:38 - [DEBUG] - Creating shared instance of singleton bean 'org.springframework.security.config.annotation.configuration.ObjectPostProcessorConfiguration'
2025-05-12 10:14:38 - [DEBUG] - Autowiring by type from bean name 'objectPostProcessor' via factory method to bean named 'org.springframework.beans.factory.support.DefaultListableBeanFactory@15fb7a32'
2025-05-12 10:14:38 - [DEBUG] - Autowiring by type from bean name 'authenticationManagerBuilder' via factory method to bean named 'objectPostProcessor'
2025-05-12 10:14:38 - [DEBUG] - Autowiring by type from bean name 'authenticationManagerBuilder' via factory method to bean named 'org.springframework.web.context.support.GenericWebApplicationContext@312afbc7'
2025-05-12 10:14:38 - [DEBUG] - Creating shared instance of singleton bean 'authenticationEventPublisher'
2025-05-12 10:14:38 - [DEBUG] - Creating shared instance of singleton bean 'org.springframework.boot.autoconfigure.security.servlet.SecurityAutoConfiguration'
2025-05-12 10:14:38 - [DEBUG] - Autowiring by type from bean name 'authenticationEventPublisher' via factory method to bean named 'org.springframework.web.context.support.GenericWebApplicationContext@312afbc7'
2025-05-12 10:14:39 - [DEBUG] - Autowiring by type from bean name 'authenticationManager' via factory method to bean named 'org.springframework.security.config.annotation.authentication.configuration.AuthenticationConfiguration'
2025-05-12 10:14:39 - [WARN] - Global AuthenticationManager configured with an AuthenticationProvider bean. UserDetailsService beans will not be used by Spring Security for automatically configuring username/password login. Consider removing the AuthenticationProvider bean. Alternatively, consider using the UserDetailsService in a manually instantiated DaoAuthenticationProvider. If the current configuration is intentional, to turn off this warning, increase the logging level of 'org.springframework.security.config.annotation.authentication.configuration.InitializeUserDetailsBeanManagerConfigurer' to ERROR
2025-05-12 10:14:39 - [DEBUG] - Creating shared instance of singleton bean 'postController'
2025-05-12 10:14:39 - [DEBUG] - Creating shared instance of singleton bean 'postImplement'
2025-05-12 10:14:39 - [DEBUG] - Creating shared instance of singleton bean 'IPostRepository'
2025-05-12 10:14:39 - [DEBUG] - Creating shared instance of singleton bean 'jpa.named-queries#9'
2025-05-12 10:14:39 - [DEBUG] - Creating shared instance of singleton bean 'jpa.IPostRepository.fragments#0'
2025-05-12 10:14:39 - [DEBUG] - Creating new EntityManager for shared EntityManager invocation
2025-05-12 10:14:39 - [DEBUG] - Initializing repository instance for pe.edu.upc.backend.repositories.IPostRepository…
2025-05-12 10:14:39 - [DEBUG] - Creating new EntityManager for shared EntityManager invocation
2025-05-12 10:14:39 - [DEBUG] - Did not find named query Post.postPorIncidente.count
2025-05-12 10:14:39 - [DEBUG] - Creating new EntityManager for shared EntityManager invocation
2025-05-12 10:14:39 - [DEBUG] - Finished creation of repository instance for pe.edu.upc.backend.repositories.IPostRepository.
2025-05-12 10:14:39 - [DEBUG] - Creating shared instance of singleton bean 'preguntaController'
2025-05-12 10:14:39 - [DEBUG] - Creating shared instance of singleton bean 'preguntaImplement'
2025-05-12 10:14:39 - [DEBUG] - Creating shared instance of singleton bean 'IPreguntaRepository'
2025-05-12 10:14:39 - [DEBUG] - Creating shared instance of singleton bean 'jpa.named-queries#6'
2025-05-12 10:14:39 - [DEBUG] - Creating shared instance of singleton bean 'jpa.IPreguntaRepository.fragments#0'
2025-05-12 10:14:39 - [DEBUG] - Creating new EntityManager for shared EntityManager invocation
2025-05-12 10:14:39 - [DEBUG] - Initializing repository instance for pe.edu.upc.backend.repositories.IPreguntaRepository…
2025-05-12 10:14:39 - [DEBUG] - Creating new EntityManager for shared EntityManager invocation
2025-05-12 10:14:39 - [DEBUG] - Finished creation of repository instance for pe.edu.upc.backend.repositories.IPreguntaRepository.
2025-05-12 10:14:39 - [DEBUG] - Creating shared instance of singleton bean 'respuestaController'
2025-05-12 10:14:39 - [DEBUG] - Creating shared instance of singleton bean 'respuestaImplement'
2025-05-12 10:14:39 - [DEBUG] - Creating shared instance of singleton bean 'IRespuestaRepository'
2025-05-12 10:14:39 - [DEBUG] - Creating shared instance of singleton bean 'jpa.named-queries#4'
2025-05-12 10:14:39 - [DEBUG] - Creating shared instance of singleton bean 'jpa.IRespuestaRepository.fragments#0'
2025-05-12 10:14:39 - [DEBUG] - Creating new EntityManager for shared EntityManager invocation
2025-05-12 10:14:39 - [DEBUG] - Initializing repository instance for pe.edu.upc.backend.repositories.IRespuestaRepository…
2025-05-12 10:14:39 - [DEBUG] - Creating new EntityManager for shared EntityManager invocation
2025-05-12 10:14:39 - [DEBUG] - Did not find named query Respuesta.RespuestasbyUsuario.count
2025-05-12 10:14:39 - [DEBUG] - Creating new EntityManager for shared EntityManager invocation
2025-05-12 10:14:39 - [DEBUG] - Did not find named query Respuesta.RespuestasUsuarioEnEncuesta.count
2025-05-12 10:14:39 - [DEBUG] - Creating new EntityManager for shared EntityManager invocation
2025-05-12 10:14:39 - [DEBUG] - Finished creation of repository instance for pe.edu.upc.backend.repositories.IRespuestaRepository.
2025-05-12 10:14:39 - [DEBUG] - Creating shared instance of singleton bean 'rolController'
2025-05-12 10:14:39 - [DEBUG] - Creating shared instance of singleton bean 'rolServiceImplement'
2025-05-12 10:14:39 - [DEBUG] - Creating shared instance of singleton bean 'IRolRepository'
2025-05-12 10:14:39 - [DEBUG] - Creating shared instance of singleton bean 'jpa.named-queries#1'
2025-05-12 10:14:39 - [DEBUG] - Creating shared instance of singleton bean 'jpa.IRolRepository.fragments#0'
2025-05-12 10:14:39 - [DEBUG] - Creating new EntityManager for shared EntityManager invocation
2025-05-12 10:14:39 - [DEBUG] - Initializing repository instance for pe.edu.upc.backend.repositories.IRolRepository…
2025-05-12 10:14:39 - [DEBUG] - Creating new EntityManager for shared EntityManager invocation
2025-05-12 10:14:39 - [DEBUG] - Did not find named query Rol.UsuariosRol.count
2025-05-12 10:14:39 - [DEBUG] - Creating new EntityManager for shared EntityManager invocation
2025-05-12 10:14:39 - [DEBUG] - Finished creation of repository instance for pe.edu.upc.backend.repositories.IRolRepository.
2025-05-12 10:14:39 - [DEBUG] - Creating shared instance of singleton bean 'rutaController'
2025-05-12 10:14:39 - [DEBUG] - Creating shared instance of singleton bean 'rutaServiceImplement'
2025-05-12 10:14:39 - [DEBUG] - Creating shared instance of singleton bean 'IRutaRepository'
2025-05-12 10:14:39 - [DEBUG] - Creating shared instance of singleton bean 'jpa.named-queries#7'
2025-05-12 10:14:39 - [DEBUG] - Creating shared instance of singleton bean 'jpa.IRutaRepository.fragments#0'
2025-05-12 10:14:39 - [DEBUG] - Creating new EntityManager for shared EntityManager invocation
2025-05-12 10:14:39 - [DEBUG] - Initializing repository instance for pe.edu.upc.backend.repositories.IRutaRepository…
2025-05-12 10:14:39 - [DEBUG] - Creating new EntityManager for shared EntityManager invocation
2025-05-12 10:14:39 - [DEBUG] - Did not find named query Ruta.rutasAsiganasaUsuario.count
2025-05-12 10:14:39 - [DEBUG] - Creating new EntityManager for shared EntityManager invocation
2025-05-12 10:14:39 - [DEBUG] - Finished creation of repository instance for pe.edu.upc.backend.repositories.IRutaRepository.
2025-05-12 10:14:39 - [DEBUG] - Creating shared instance of singleton bean 'usuarioController'
2025-05-12 10:14:39 - [DEBUG] - Creating shared instance of singleton bean 'usuarioImplement'
2025-05-12 10:14:39 - [DEBUG] - Creating shared instance of singleton bean 'passwordEncoder'
2025-05-12 10:14:39 - [DEBUG] - Creating shared instance of singleton bean 'usuarioRutaController'
2025-05-12 10:14:39 - [DEBUG] - Creating shared instance of singleton bean 'usuarioRutaImplement'
2025-05-12 10:14:39 - [DEBUG] - Creating shared instance of singleton bean 'IUsuarioRutaRepository'
2025-05-12 10:14:39 - [DEBUG] - Creating shared instance of singleton bean 'jpa.named-queries#12'
2025-05-12 10:14:39 - [DEBUG] - Creating shared instance of singleton bean 'jpa.IUsuarioRutaRepository.fragments#0'
2025-05-12 10:14:39 - [DEBUG] - Creating new EntityManager for shared EntityManager invocation
2025-05-12 10:14:39 - [DEBUG] - Initializing repository instance for pe.edu.upc.backend.repositories.IUsuarioRutaRepository…
2025-05-12 10:14:39 - [DEBUG] - Creating new EntityManager for shared EntityManager invocation
2025-05-12 10:14:39 - [DEBUG] - Finished creation of repository instance for pe.edu.upc.backend.repositories.IUsuarioRutaRepository.
2025-05-12 10:14:39 - [DEBUG] - Creating shared instance of singleton bean 'zonaController'
2025-05-12 10:14:39 - [DEBUG] - Creating shared instance of singleton bean 'zonaServiceImplement'
2025-05-12 10:14:39 - [DEBUG] - Creating shared instance of singleton bean 'IZonaRepository'
2025-05-12 10:14:39 - [DEBUG] - Creating shared instance of singleton bean 'jpa.named-queries#8'
2025-05-12 10:14:39 - [DEBUG] - Creating shared instance of singleton bean 'jpa.IZonaRepository.fragments#0'
2025-05-12 10:14:39 - [DEBUG] - Creating new EntityManager for shared EntityManager invocation
2025-05-12 10:14:39 - [DEBUG] - Initializing repository instance for pe.edu.upc.backend.repositories.IZonaRepository…
2025-05-12 10:14:39 - [DEBUG] - Creating new EntityManager for shared EntityManager invocation
2025-05-12 10:14:39 - [DEBUG] - Did not find named query Zona.cantidadIncidentes.count
2025-05-12 10:14:39 - [DEBUG] - Creating new EntityManager for shared EntityManager invocation
2025-05-12 10:14:39 - [DEBUG] - Did not find named query Zona.countRutasByZona.count
2025-05-12 10:14:39 - [DEBUG] - Creating new EntityManager for shared EntityManager invocation
2025-05-12 10:14:39 - [DEBUG] - Did not find named query Zona.SeguridadPorZona.count
2025-05-12 10:14:39 - [DEBUG] - Creating new EntityManager for shared EntityManager invocation
2025-05-12 10:14:39 - [DEBUG] - Finished creation of repository instance for pe.edu.upc.backend.repositories.IZonaRepository.
2025-05-12 10:14:39 - [DEBUG] - Creating shared instance of singleton bean 'org.springframework.security.config.annotation.web.configuration.WebSecurityConfiguration'
2025-05-12 10:14:39 - [DEBUG] - Creating shared instance of singleton bean 'org.springframework.security.config.annotation.web.configuration.HttpSecurityConfiguration'
2025-05-12 10:14:39 - [DEBUG] - Creating shared instance of singleton bean 'filterChainDecoratorPostProcessor'
2025-05-12 10:14:39 - [DEBUG] - Creating shared instance of singleton bean 'mvcHandlerMappingIntrospectorRequestTransformer'
2025-05-12 10:14:39 - [DEBUG] - Creating shared instance of singleton bean 'mvcHandlerMappingIntrospector'
2025-05-12 10:14:39 - [DEBUG] - Creating shared instance of singleton bean 'welcomePageHandlerMapping'
2025-05-12 10:14:39 - [DEBUG] - Creating shared instance of singleton bean 'mvcConversionService'
2025-05-12 10:14:39 - [DEBUG] - Creating shared instance of singleton bean 'mvcResourceUrlProvider'
2025-05-12 10:14:39 - [DEBUG] - Autowiring by type from bean name 'welcomePageHandlerMapping' via factory method to bean named 'org.springframework.web.context.support.GenericWebApplicationContext@312afbc7'
2025-05-12 10:14:39 - [DEBUG] - Autowiring by type from bean name 'welcomePageHandlerMapping' via factory method to bean named 'mvcConversionService'
2025-05-12 10:14:39 - [DEBUG] - Autowiring by type from bean name 'welcomePageHandlerMapping' via factory method to bean named 'mvcResourceUrlProvider'
2025-05-12 10:14:39 - [DEBUG] - Creating shared instance of singleton bean 'welcomePageNotAcceptableHandlerMapping'
2025-05-12 10:14:39 - [DEBUG] - Autowiring by type from bean name 'welcomePageNotAcceptableHandlerMapping' via factory method to bean named 'org.springframework.web.context.support.GenericWebApplicationContext@312afbc7'
2025-05-12 10:14:39 - [DEBUG] - Autowiring by type from bean name 'welcomePageNotAcceptableHandlerMapping' via factory method to bean named 'mvcConversionService'
2025-05-12 10:14:39 - [DEBUG] - Autowiring by type from bean name 'welcomePageNotAcceptableHandlerMapping' via factory method to bean named 'mvcResourceUrlProvider'
2025-05-12 10:14:39 - [DEBUG] - Creating shared instance of singleton bean 'requestMappingHandlerMapping'
2025-05-12 10:14:39 - [DEBUG] - Autowiring by type from bean name 'requestMappingHandlerMapping' via factory method to bean named 'mvcContentNegotiationManager'
2025-05-12 10:14:39 - [DEBUG] - Autowiring by type from bean name 'requestMappingHandlerMapping' via factory method to bean named 'mvcConversionService'
2025-05-12 10:14:39 - [DEBUG] - Autowiring by type from bean name 'requestMappingHandlerMapping' via factory method to bean named 'mvcResourceUrlProvider'
2025-05-12 10:14:39 - [DEBUG] - 82 mappings in 'requestMappingHandlerMapping'
2025-05-12 10:14:39 - [DEBUG] - Creating shared instance of singleton bean 'viewControllerHandlerMapping'
2025-05-12 10:14:39 - [DEBUG] - Autowiring by type from bean name 'viewControllerHandlerMapping' via factory method to bean named 'mvcConversionService'
2025-05-12 10:14:39 - [DEBUG] - Autowiring by type from bean name 'viewControllerHandlerMapping' via factory method to bean named 'mvcResourceUrlProvider'
2025-05-12 10:14:39 - [DEBUG] - Creating shared instance of singleton bean 'beanNameHandlerMapping'
2025-05-12 10:14:39 - [DEBUG] - Autowiring by type from bean name 'beanNameHandlerMapping' via factory method to bean named 'mvcConversionService'
2025-05-12 10:14:39 - [DEBUG] - Autowiring by type from bean name 'beanNameHandlerMapping' via factory method to bean named 'mvcResourceUrlProvider'
2025-05-12 10:14:39 - [DEBUG] - Creating shared instance of singleton bean 'routerFunctionMapping'
2025-05-12 10:14:39 - [DEBUG] - Autowiring by type from bean name 'routerFunctionMapping' via factory method to bean named 'mvcConversionService'
2025-05-12 10:14:39 - [DEBUG] - Autowiring by type from bean name 'routerFunctionMapping' via factory method to bean named 'mvcResourceUrlProvider'
2025-05-12 10:14:39 - [DEBUG] - Creating shared instance of singleton bean 'resourceHandlerMapping'
2025-05-12 10:14:39 - [DEBUG] - Autowiring by type from bean name 'resourceHandlerMapping' via factory method to bean named 'mvcContentNegotiationManager'
2025-05-12 10:14:39 - [DEBUG] - Autowiring by type from bean name 'resourceHandlerMapping' via factory method to bean named 'mvcConversionService'
2025-05-12 10:14:39 - [DEBUG] - Autowiring by type from bean name 'resourceHandlerMapping' via factory method to bean named 'mvcResourceUrlProvider'
2025-05-12 10:14:39 - [DEBUG] - Patterns [/webjars/**, /**, /swagger-ui*/*swagger-initializer.js, /swagger-ui*/**] in 'resourceHandlerMapping'
2025-05-12 10:14:39 - [DEBUG] - Creating shared instance of singleton bean 'defaultServletHandlerMapping'
2025-05-12 10:14:39 - [DEBUG] - Creating shared instance of singleton bean 'filterChain'
2025-05-12 10:14:39 - [DEBUG] - Autowiring by type from bean name 'filterChain' via factory method to bean named 'org.springframework.security.config.annotation.web.configuration.HttpSecurityConfiguration.httpSecurity'
2025-05-12 10:14:39 - [DEBUG] - Creating shared instance of singleton bean 'webAuthorizationManagerPostProcessor'
2025-05-12 10:14:39 - [DEBUG] - Creating shared instance of singleton bean 'authenticationManagerPostProcessor'
2025-05-12 10:14:39 - [DEBUG] - Will secure any request with filters: DisableEncodeUrlFilter, WebAsyncManagerIntegrationFilter, SecurityContextHolderFilter, HeaderWriterFilter, LogoutFilter, JwtRequestFilter, BasicAuthenticationFilter, RequestCacheAwareFilter, SecurityContextHolderAwareRequestFilter, AnonymousAuthenticationFilter, ExceptionTranslationFilter, AuthorizationFilter
2025-05-12 10:14:39 - [DEBUG] - Creating shared instance of singleton bean 'delegatingApplicationListener'
2025-05-12 10:14:39 - [DEBUG] - Creating shared instance of singleton bean 'springSecurityFilterChain'
2025-05-12 10:14:39 - [DEBUG] - Creating shared instance of singleton bean 'webSecurityExpressionHandler'
2025-05-12 10:14:39 - [DEBUG] - Creating shared instance of singleton bean 'privilegeEvaluator'
2025-05-12 10:14:39 - [DEBUG] - Creating shared instance of singleton bean 'requestDataValueProcessor'
2025-05-12 10:14:39 - [DEBUG] - Creating shared instance of singleton bean 'org.springframework.security.config.annotation.web.configuration.ObservationConfiguration'
2025-05-12 10:14:39 - [DEBUG] - Creating shared instance of singleton bean '_prePostMethodSecurityConfiguration'
2025-05-12 10:14:39 - [DEBUG] - Creating shared instance of singleton bean 'methodAuthorizationManagerPostProcessor'
2025-05-12 10:14:39 - [DEBUG] - Creating shared instance of singleton bean 'methodResultAuthorizationManagerPostProcessor'
2025-05-12 10:14:39 - [DEBUG] - Creating shared instance of singleton bean 'prePostAuthorizeExpressionHintsRegistrar'
2025-05-12 10:14:39 - [DEBUG] - Creating shared instance of singleton bean 'org.springframework.security.config.annotation.method.configuration.AuthorizationProxyConfiguration'
2025-05-12 10:14:39 - [DEBUG] - Creating shared instance of singleton bean 'authorizeReturnObjectHintsRegistrar'
2025-05-12 10:14:39 - [DEBUG] - Autowiring by type from bean name 'authorizeReturnObjectHintsRegistrar' via factory method to bean named 'authorizationProxyFactory'
2025-05-12 10:14:39 - [DEBUG] - Creating shared instance of singleton bean 'org.springframework.security.config.annotation.method.configuration.MethodObservationConfiguration'
2025-05-12 10:14:39 - [DEBUG] - Creating shared instance of singleton bean 'org.springframework.boot.autoconfigure.context.PropertyPlaceholderAutoConfiguration'
2025-05-12 10:14:39 - [DEBUG] - Creating shared instance of singleton bean 'org.springframework.boot.autoconfigure.ssl.SslAutoConfiguration'
2025-05-12 10:14:39 - [DEBUG] - Creating shared instance of singleton bean 'spring.ssl-org.springframework.boot.autoconfigure.ssl.SslProperties'
2025-05-12 10:14:39 - [DEBUG] - Autowiring by type from bean name 'org.springframework.boot.autoconfigure.ssl.SslAutoConfiguration' via constructor to bean named 'org.springframework.web.context.support.GenericWebApplicationContext@312afbc7'
2025-05-12 10:14:39 - [DEBUG] - Autowiring by type from bean name 'org.springframework.boot.autoconfigure.ssl.SslAutoConfiguration' via constructor to bean named 'spring.ssl-org.springframework.boot.autoconfigure.ssl.SslProperties'
2025-05-12 10:14:39 - [DEBUG] - Creating shared instance of singleton bean 'fileWatcher'
2025-05-12 10:14:39 - [DEBUG] - Creating shared instance of singleton bean 'sslPropertiesSslBundleRegistrar'
2025-05-12 10:14:39 - [DEBUG] - Autowiring by type from bean name 'sslPropertiesSslBundleRegistrar' via factory method to bean named 'fileWatcher'
2025-05-12 10:14:39 - [DEBUG] - Creating shared instance of singleton bean 'sslBundleRegistry'
2025-05-12 10:14:39 - [DEBUG] - Creating shared instance of singleton bean 'org.springframework.boot.context.properties.EnableConfigurationPropertiesRegistrar.methodValidationExcludeFilter'
2025-05-12 10:14:39 - [DEBUG] - Creating shared instance of singleton bean 'org.springframework.boot.autoconfigure.websocket.servlet.WebSocketServletAutoConfiguration$TomcatWebSocketConfiguration'
2025-05-12 10:14:39 - [DEBUG] - Creating shared instance of singleton bean 'websocketServletWebServerCustomizer'
2025-05-12 10:14:39 - [DEBUG] - Creating shared instance of singleton bean 'org.springframework.boot.autoconfigure.websocket.servlet.WebSocketServletAutoConfiguration'
2025-05-12 10:14:39 - [DEBUG] - Creating shared instance of singleton bean 'org.springframework.boot.autoconfigure.web.servlet.ServletWebServerFactoryConfiguration$EmbeddedTomcat'
2025-05-12 10:14:39 - [DEBUG] - Creating shared instance of singleton bean 'tomcatServletWebServerFactory'
2025-05-12 10:14:39 - [DEBUG] - Creating shared instance of singleton bean 'servletWebServerFactoryCustomizer'
2025-05-12 10:14:39 - [DEBUG] - Creating shared instance of singleton bean 'org.springframework.boot.autoconfigure.web.servlet.ServletWebServerFactoryAutoConfiguration'
2025-05-12 10:14:39 - [DEBUG] - Creating shared instance of singleton bean 'server-org.springframework.boot.autoconfigure.web.ServerProperties'
2025-05-12 10:14:39 - [DEBUG] - Autowiring by type from bean name 'servletWebServerFactoryCustomizer' via factory method to bean named 'server-org.springframework.boot.autoconfigure.web.ServerProperties'
2025-05-12 10:14:39 - [DEBUG] - Creating shared instance of singleton bean 'tomcatServletWebServerFactoryCustomizer'
2025-05-12 10:14:39 - [DEBUG] - Autowiring by type from bean name 'tomcatServletWebServerFactoryCustomizer' via factory method to bean named 'server-org.springframework.boot.autoconfigure.web.ServerProperties'
2025-05-12 10:14:39 - [DEBUG] - Creating shared instance of singleton bean 'localeCharsetMappingsCustomizer'
2025-05-12 10:14:39 - [DEBUG] - Creating shared instance of singleton bean 'org.springframework.boot.autoconfigure.web.servlet.HttpEncodingAutoConfiguration'
2025-05-12 10:14:39 - [DEBUG] - Autowiring by type from bean name 'org.springframework.boot.autoconfigure.web.servlet.HttpEncodingAutoConfiguration' via constructor to bean named 'server-org.springframework.boot.autoconfigure.web.ServerProperties'
2025-05-12 10:14:39 - [DEBUG] - Creating shared instance of singleton bean 'errorPageCustomizer'
2025-05-12 10:14:39 - [DEBUG] - Creating shared instance of singleton bean 'org.springframework.boot.autoconfigure.web.servlet.error.ErrorMvcAutoConfiguration'
2025-05-12 10:14:39 - [DEBUG] - Autowiring by type from bean name 'org.springframework.boot.autoconfigure.web.servlet.error.ErrorMvcAutoConfiguration' via constructor to bean named 'server-org.springframework.boot.autoconfigure.web.ServerProperties'
2025-05-12 10:14:39 - [DEBUG] - Creating shared instance of singleton bean 'dispatcherServletRegistration'
2025-05-12 10:14:39 - [DEBUG] - Creating shared instance of singleton bean 'org.springframework.boot.autoconfigure.web.servlet.DispatcherServletAutoConfiguration$DispatcherServletRegistrationConfiguration'
2025-05-12 10:14:39 - [DEBUG] - Creating shared instance of singleton bean 'dispatcherServlet'
2025-05-12 10:14:39 - [DEBUG] - Creating shared instance of singleton bean 'org.springframework.boot.autoconfigure.web.servlet.DispatcherServletAutoConfiguration$DispatcherServletConfiguration'
2025-05-12 10:14:39 - [DEBUG] - Autowiring by type from bean name 'dispatcherServlet' via factory method to bean named 'spring.mvc-org.springframework.boot.autoconfigure.web.servlet.WebMvcProperties'
2025-05-12 10:14:39 - [DEBUG] - Autowiring by type from bean name 'dispatcherServletRegistration' via factory method to bean named 'dispatcherServlet'
2025-05-12 10:14:39 - [DEBUG] - Autowiring by type from bean name 'dispatcherServletRegistration' via factory method to bean named 'spring.mvc-org.springframework.boot.autoconfigure.web.servlet.WebMvcProperties'
2025-05-12 10:14:39 - [DEBUG] - Creating shared instance of singleton bean 'multipartConfigElement'
2025-05-12 10:14:39 - [DEBUG] - Creating shared instance of singleton bean 'org.springframework.boot.autoconfigure.web.servlet.MultipartAutoConfiguration'
2025-05-12 10:14:39 - [DEBUG] - Creating shared instance of singleton bean 'spring.servlet.multipart-org.springframework.boot.autoconfigure.web.servlet.MultipartProperties'
2025-05-12 10:14:39 - [DEBUG] - Autowiring by type from bean name 'org.springframework.boot.autoconfigure.web.servlet.MultipartAutoConfiguration' via constructor to bean named 'spring.servlet.multipart-org.springframework.boot.autoconfigure.web.servlet.MultipartProperties'
2025-05-12 10:14:40 - [DEBUG] - Autowiring by type from bean name 'errorPageCustomizer' via factory method to bean named 'dispatcherServletRegistration'
2025-05-12 10:14:40 - [DEBUG] - Creating shared instance of singleton bean 'org.springframework.boot.autoconfigure.web.servlet.DispatcherServletAutoConfiguration'
2025-05-12 10:14:40 - [DEBUG] - Creating shared instance of singleton bean 'org.springframework.boot.autoconfigure.task.TaskExecutorConfigurations$ThreadPoolTaskExecutorBuilderConfiguration'
2025-05-12 10:14:40 - [DEBUG] - Creating shared instance of singleton bean 'threadPoolTaskExecutorBuilder'
2025-05-12 10:14:40 - [DEBUG] - Creating shared instance of singleton bean 'spring.task.execution-org.springframework.boot.autoconfigure.task.TaskExecutionProperties'
2025-05-12 10:14:40 - [DEBUG] - Autowiring by type from bean name 'threadPoolTaskExecutorBuilder' via factory method to bean named 'spring.task.execution-org.springframework.boot.autoconfigure.task.TaskExecutionProperties'
2025-05-12 10:14:40 - [DEBUG] - Creating shared instance of singleton bean 'org.springframework.boot.autoconfigure.task.TaskExecutorConfigurations$SimpleAsyncTaskExecutorBuilderConfiguration'
2025-05-12 10:14:40 - [DEBUG] - Autowiring by type from bean name 'org.springframework.boot.autoconfigure.task.TaskExecutorConfigurations$SimpleAsyncTaskExecutorBuilderConfiguration' via constructor to bean named 'spring.task.execution-org.springframework.boot.autoconfigure.task.TaskExecutionProperties'
2025-05-12 10:14:40 - [DEBUG] - Creating shared instance of singleton bean 'simpleAsyncTaskExecutorBuilder'
2025-05-12 10:14:40 - [DEBUG] - Creating shared instance of singleton bean 'org.springframework.boot.autoconfigure.task.TaskExecutorConfigurations$TaskExecutorConfiguration'
2025-05-12 10:14:40 - [DEBUG] - Creating shared instance of singleton bean 'org.springframework.boot.autoconfigure.task.TaskExecutionAutoConfiguration'
2025-05-12 10:14:40 - [DEBUG] - Creating shared instance of singleton bean 'org.springframework.boot.autoconfigure.web.servlet.error.ErrorMvcAutoConfiguration$WhitelabelErrorViewConfiguration'
2025-05-12 10:14:40 - [DEBUG] - Creating shared instance of singleton bean 'error'
2025-05-12 10:14:40 - [DEBUG] - Creating shared instance of singleton bean 'beanNameViewResolver'
2025-05-12 10:14:40 - [DEBUG] - Creating shared instance of singleton bean 'org.springframework.boot.autoconfigure.web.servlet.error.ErrorMvcAutoConfiguration$DefaultErrorViewResolverConfiguration'
2025-05-12 10:14:40 - [DEBUG] - Autowiring by type from bean name 'org.springframework.boot.autoconfigure.web.servlet.error.ErrorMvcAutoConfiguration$DefaultErrorViewResolverConfiguration' via constructor to bean named 'org.springframework.web.context.support.GenericWebApplicationContext@312afbc7'
2025-05-12 10:14:40 - [DEBUG] - Autowiring by type from bean name 'org.springframework.boot.autoconfigure.web.servlet.error.ErrorMvcAutoConfiguration$DefaultErrorViewResolverConfiguration' via constructor to bean named 'spring.web-org.springframework.boot.autoconfigure.web.WebProperties'
2025-05-12 10:14:40 - [DEBUG] - Creating shared instance of singleton bean 'conventionErrorViewResolver'
2025-05-12 10:14:40 - [DEBUG] - Creating shared instance of singleton bean 'errorAttributes'
2025-05-12 10:14:40 - [DEBUG] - Creating shared instance of singleton bean 'basicErrorController'
2025-05-12 10:14:40 - [DEBUG] - Autowiring by type from bean name 'basicErrorController' via factory method to bean named 'errorAttributes'
2025-05-12 10:14:40 - [DEBUG] - Creating shared instance of singleton bean 'localeResolver'
2025-05-12 10:14:40 - [DEBUG] - Creating shared instance of singleton bean 'themeResolver'
2025-05-12 10:14:40 - [DEBUG] - Creating shared instance of singleton bean 'flashMapManager'
2025-05-12 10:14:40 - [DEBUG] - Creating shared instance of singleton bean 'viewNameTranslator'
2025-05-12 10:14:40 - [DEBUG] - Creating shared instance of singleton bean 'mvcValidator'
2025-05-12 10:14:40 - [DEBUG] - Failed to set up a Bean Validation provider
jakarta.validation.NoProviderFoundException: Unable to create a Configuration, because no Jakarta Bean Validation provider could be found. Add a provider like Hibernate Validator (RI) to your classpath.
	at jakarta.validation.Validation$GenericBootstrapImpl.configure(Validation.java:291)
	at org.springframework.validation.beanvalidation.LocalValidatorFactoryBean.afterPropertiesSet(LocalValidatorFactoryBean.java:270)
	at org.springframework.validation.beanvalidation.OptionalValidatorFactoryBean.afterPropertiesSet(OptionalValidatorFactoryBean.java:40)
	at org.springframework.boot.autoconfigure.validation.ValidatorAdapter.afterPropertiesSet(ValidatorAdapter.java:85)
	at org.springframework.beans.factory.support.AbstractAutowireCapableBeanFactory.invokeInitMethods(AbstractAutowireCapableBeanFactory.java:1859)
	at org.springframework.beans.factory.support.AbstractAutowireCapableBeanFactory.initializeBean(AbstractAutowireCapableBeanFactory.java:1808)
	at org.springframework.beans.factory.support.AbstractAutowireCapableBeanFactory.doCreateBean(AbstractAutowireCapableBeanFactory.java:601)
	at org.springframework.beans.factory.support.AbstractAutowireCapableBeanFactory.createBean(AbstractAutowireCapableBeanFactory.java:523)
	at org.springframework.beans.factory.support.AbstractBeanFactory.lambda$doGetBean$0(AbstractBeanFactory.java:339)
	at org.springframework.beans.factory.support.DefaultSingletonBeanRegistry.getSingleton(DefaultSingletonBeanRegistry.java:347)
	at org.springframework.beans.factory.support.AbstractBeanFactory.doGetBean(AbstractBeanFactory.java:337)
	at org.springframework.beans.factory.support.AbstractBeanFactory.getBean(AbstractBeanFactory.java:202)
[...]
      Did not match:
         - @ConditionalOnMissingBean (names: springSecurityFilterChain; SearchStrategy: all) found beans named springSecurityFilterChain (OnBeanCondition)
      Matched:
         - @ConditionalOnClass found required class 'org.springframework.security.config.annotation.web.configuration.EnableWebSecurity' (OnClassCondition)

   SpringDocConfiguration#propertiesResolverForSchema:
      Did not match:
         - @ConditionalOnProperty (springdoc.api-docs.resolve-schema-properties) did not find property 'springdoc.api-docs.resolve-schema-properties' (OnPropertyCondition)

   SpringDocConfiguration#propertyCustomizingConverter:
      Did not match:
         - @ConditionalOnBean (types: org.springdoc.core.customizers.PropertyCustomizer; SearchStrategy: all) did not find any beans of type org.springdoc.core.customizers.PropertyCustomizer (OnBeanCondition)

   SpringDocConfiguration#springdocBeanFactoryPostProcessor:
      Did not match:
         - AnyNestedCondition 0 matched 2 did not; NestedCondition on CacheOrGroupedOpenApiCondition.OnCacheDisabled found non-matching nested conditions @ConditionalOnProperty (springdoc.cache.disabled) did not find property 'springdoc.cache.disabled'; NestedCondition on CacheOrGroupedOpenApiCondition.OnMultipleOpenApiSupportCondition AnyNestedCondition 0 matched 2 did not; NestedCondition on MultipleOpenApiSupportCondition.OnActuatorDifferentPort @ConditionalOnProperty (springdoc.show-actuator) did not find property 'springdoc.show-actuator'; NestedCondition on MultipleOpenApiSupportCondition.OnMultipleOpenApiSupportCondition AnyNestedCondition 0 matched 3 did not; NestedCondition on MultipleOpenApiGroupsCondition.OnListGroupedOpenApiBean @ConditionalOnBean (types: org.springdoc.core.models.GroupedOpenApi; SearchStrategy: all) did not find any beans of type org.springdoc.core.models.GroupedOpenApi; NestedCondition on MultipleOpenApiGroupsCondition.OnGroupConfigProperty @ConditionalOnProperty (springdoc.group-configs[0].group) did not find property 'springdoc.group-configs[0].group'; NestedCondition on MultipleOpenApiGroupsCondition.OnGroupedOpenApiBean @ConditionalOnBean (types: org.springdoc.core.models.GroupedOpenApi; SearchStrategy: all) did not find any beans of type org.springdoc.core.models.GroupedOpenApi (CacheOrGroupedOpenApiCondition)
      Matched:
         - @ConditionalOnClass found required class 'org.springframework.boot.context.properties.bind.BindResult' (OnClassCondition)

   SpringDocConfiguration#springdocBeanFactoryPostProcessor2:
      Did not match:
         - @ConditionalOnMissingClass found unwanted class 'org.springframework.boot.context.properties.bind.BindResult' (OnClassCondition)

   SpringDocConfiguration.SpringDocActuatorConfiguration:
      Did not match:
         - @ConditionalOnClass did not find required class 'org.springframework.boot.actuate.autoconfigure.endpoint.web.WebEndpointProperties' (OnClassCondition)

   SpringDocConfiguration.SpringDocRepositoryRestConfiguration:
      Did not match:
         - @ConditionalOnClass did not find required class 'org.springframework.data.rest.core.config.RepositoryRestConfiguration' (OnClassCondition)

   SpringDocConfiguration.SpringDocWebFluxSupportConfiguration:
      Did not match:
         - @ConditionalOnClass did not find required class 'reactor.core.publisher.Flux' (OnClassCondition)

   SpringDocDataRestConfiguration:
      Did not match:
         - @ConditionalOnClass did not find required class 'org.springframework.data.rest.core.config.RepositoryRestConfiguration' (OnClassCondition)

   SpringDocFunctionCatalogConfiguration:
      Did not match:
         - @ConditionalOnClass did not find required class 'org.springframework.cloud.function.web.function.FunctionEndpointInitializer' (OnClassCondition)

   SpringDocGroovyConfiguration:
      Did not match:
         - @ConditionalOnClass did not find required class 'groovy.lang.MetaClass' (OnClassCondition)

   SpringDocHateoasConfiguration:
      Did not match:
         - @ConditionalOnClass did not find required class 'org.springframework.hateoas.server.LinkRelationProvider' (OnClassCondition)

   SpringDocJacksonKotlinModuleConfiguration:
      Did not match:
         - @ConditionalOnClass did not find required class 'com.fasterxml.jackson.module.kotlin.KotlinModule' (OnClassCondition)

   SpringDocJavadocConfiguration:
      Did not match:
         - @ConditionalOnClass did not find required class 'com.github.therapi.runtimejavadoc.CommentFormatter' (OnClassCondition)

   SpringDocKotlinConfiguration:
      Did not match:
         - @ConditionalOnClass did not find required class 'kotlin.coroutines.Continuation' (OnClassCondition)

   SpringDocKotlinxConfiguration:
      Did not match:
         - @ConditionalOnClass did not find required class 'kotlinx.coroutines.flow.Flow' (OnClassCondition)

   SpringDocSecurityConfiguration.SpringDocSecurityOAuth2ClientConfiguration:
      Did not match:
         - @ConditionalOnClass did not find required class 'org.springframework.security.oauth2.client.annotation.RegisteredOAuth2AuthorizedClient' (OnClassCondition)

   SpringDocSecurityConfiguration.SpringDocSecurityOAuth2Configuration:
      Did not match:
         - @ConditionalOnClass did not find required class 'org.springframework.security.oauth2.server.authorization.OAuth2AuthorizationService' (OnClassCondition)

   SpringDocSecurityConfiguration.SpringSecurityLoginEndpointConfiguration#springSecurityLoginEndpointCustomizer:
      Did not match:
         - @ConditionalOnProperty (springdoc.show-login-endpoint) did not find property 'springdoc.show-login-endpoint' (OnPropertyCondition)

   SpringDocSortConfiguration#dataRestDelegatingMethodParameterCustomizer:
      Did not match:
         - @ConditionalOnMissingBean (types: org.springdoc.core.customizers.DataRestDelegatingMethodParameterCustomizer; SearchStrategy: all) found beans of type 'org.springdoc.core.customizers.DataRestDelegatingMethodParameterCustomizer' dataRestDelegatingMethodParameterCustomizer (OnBeanCondition)

   SpringDocWebMvcConfiguration.SpringDocWebMvcActuatorConfiguration:
      Did not match:
         - @ConditionalOnClass did not find required class 'org.springframework.boot.actuate.endpoint.web.servlet.WebMvcEndpointHandlerMapping' (OnClassCondition)

   SwaggerConfig#springWebProvider:
      Did not match:
         - @ConditionalOnMissingBean (types: org.springdoc.core.providers.SpringWebProvider; SearchStrategy: all) found beans of type 'org.springdoc.core.providers.SpringWebProvider' springWebProvider (OnBeanCondition)

   SwaggerConfig#swaggerUiHome:
      Did not match:
         - @ConditionalOnProperty (springdoc.swagger-ui.use-root-path=true) did not find property 'springdoc.swagger-ui.use-root-path' (OnPropertyCondition)

   SwaggerConfig.SwaggerActuatorWelcomeConfiguration:
      Did not match:
         - @ConditionalOnClass did not find required class 'org.springframework.boot.actuate.endpoint.web.servlet.WebMvcEndpointHandlerMapping' (OnClassCondition)

   TaskExecutorConfigurations.SimpleAsyncTaskExecutorBuilderConfiguration#simpleAsyncTaskExecutorBuilderVirtualThreads:
      Did not match:
         - @ConditionalOnMissingBean (types: org.springframework.boot.task.SimpleAsyncTaskExecutorBuilder; SearchStrategy: all) found beans of type 'org.springframework.boot.task.SimpleAsyncTaskExecutorBuilder' simpleAsyncTaskExecutorBuilder (OnBeanCondition)

   TaskExecutorConfigurations.TaskExecutorConfiguration#applicationTaskExecutorVirtualThreads:
      Did not match:
         - @ConditionalOnThreading did not find VIRTUAL (OnThreadingCondition)

   TaskSchedulingAutoConfiguration#scheduledBeanLazyInitializationExcludeFilter:
      Did not match:
         - @ConditionalOnBean (names: org.springframework.context.annotation.internalScheduledAnnotationProcessor; SearchStrategy: all) did not find any beans named org.springframework.context.annotation.internalScheduledAnnotationProcessor (OnBeanCondition)

   TaskSchedulingConfigurations.SimpleAsyncTaskSchedulerBuilderConfiguration#simpleAsyncTaskSchedulerBuilderVirtualThreads:
      Did not match:
         - @ConditionalOnMissingBean (types: org.springframework.boot.task.SimpleAsyncTaskSchedulerBuilder; SearchStrategy: all) found beans of type 'org.springframework.boot.task.SimpleAsyncTaskSchedulerBuilder' simpleAsyncTaskSchedulerBuilder (OnBeanCondition)

   TaskSchedulingConfigurations.TaskSchedulerConfiguration:
      Did not match:
         - @ConditionalOnBean (names: org.springframework.context.annotation.internalScheduledAnnotationProcessor; SearchStrategy: all) did not find any beans named org.springframework.context.annotation.internalScheduledAnnotationProcessor (OnBeanCondition)

   ThymeleafAutoConfiguration:
      Did not match:
         - @ConditionalOnClass did not find required class 'org.thymeleaf.spring6.SpringTemplateEngine' (OnClassCondition)

   TransactionAutoConfiguration#transactionalOperator:
      Did not match:
         - @ConditionalOnSingleCandidate (types: org.springframework.transaction.ReactiveTransactionManager; SearchStrategy: all) did not find any beans (OnBeanCondition)

   TransactionAutoConfiguration.AspectJTransactionManagementConfiguration:
      Did not match:
         - @ConditionalOnBean (types: org.springframework.transaction.aspectj.AbstractTransactionAspect; SearchStrategy: all) did not find any beans of type org.springframework.transaction.aspectj.AbstractTransactionAspect (OnBeanCondition)

   TransactionAutoConfiguration.EnableTransactionManagementConfiguration.JdkDynamicAutoProxyConfiguration:
      Did not match:
         - @ConditionalOnProperty (spring.aop.proxy-target-class=false) did not find property 'proxy-target-class' (OnPropertyCondition)

   UserDetailsServiceAutoConfiguration:
      Did not match:
         - @ConditionalOnMissingBean (types: org.springframework.security.authentication.AuthenticationManager,org.springframework.security.authentication.AuthenticationProvider,org.springframework.security.core.userdetails.UserDetailsService,org.springframework.security.authentication.AuthenticationManagerResolver,org.springframework.security.oauth2.jwt.JwtDecoder; SearchStrategy: all) found beans of type 'org.springframework.security.authentication.AuthenticationManager' authenticationManager and found beans of type 'org.springframework.security.core.userdetails.UserDetailsService' jwtUserDetailsService (OnBeanCondition)
      Matched:
         - @ConditionalOnClass found required class 'org.springframework.security.authentication.AuthenticationManager' (OnClassCondition)
         - found 'session' scope (OnWebApplicationCondition)
         - AnyNestedCondition 1 matched 2 did not; NestedCondition on UserDetailsServiceAutoConfiguration.MissingAlternativeOrUserPropertiesConfigured.PasswordConfigured @ConditionalOnProperty (spring.security.user.password) did not find property 'password'; NestedCondition on UserDetailsServiceAutoConfiguration.MissingAlternativeOrUserPropertiesConfigured.NameConfigured @ConditionalOnProperty (spring.security.user.name) did not find property 'name'; NestedCondition on UserDetailsServiceAutoConfiguration.MissingAlternativeOrUserPropertiesConfigured.MissingAlternative @ConditionalOnMissingClass did not find unwanted classes 'org.springframework.security.oauth2.client.registration.ClientRegistrationRepository', 'org.springframework.security.oauth2.server.resource.introspection.OpaqueTokenIntrospector', 'org.springframework.security.saml2.provider.service.registration.RelyingPartyRegistrationRepository' (UserDetailsServiceAutoConfiguration.MissingAlternativeOrUserPropertiesConfigured)

   ValidationAutoConfiguration:
      Did not match:
         - @ConditionalOnResource did not find resource 'classpath:META-INF/services/jakarta.validation.spi.ValidationProvider' (OnResourceCondition)
      Matched:
         - @ConditionalOnClass found required class 'jakarta.validation.executable.ExecutableValidator' (OnClassCondition)

   WebClientAutoConfiguration:
      Did not match:
         - @ConditionalOnClass did not find required class 'org.springframework.web.reactive.function.client.WebClient' (OnClassCondition)

   WebFluxAutoConfiguration:
      Did not match:
         - @ConditionalOnClass did not find required class 'org.springframework.web.reactive.config.WebFluxConfigurer' (OnClassCondition)

   WebMvcAutoConfiguration#hiddenHttpMethodFilter:
      Did not match:
         - @ConditionalOnProperty (spring.mvc.hiddenmethod.filter.enabled) did not find property 'enabled' (OnPropertyCondition)

   WebMvcAutoConfiguration.ProblemDetailsErrorHandlingConfiguration:
      Did not match:
         - @ConditionalOnProperty (spring.mvc.problemdetails.enabled=true) did not find property 'enabled' (OnPropertyCondition)

   WebMvcAutoConfiguration.WebMvcAutoConfigurationAdapter#beanNameViewResolver:
      Did not match:
         - @ConditionalOnMissingBean (types: org.springframework.web.servlet.view.BeanNameViewResolver; SearchStrategy: all) found beans of type 'org.springframework.web.servlet.view.BeanNameViewResolver' beanNameViewResolver (OnBeanCondition)

   WebServiceTemplateAutoConfiguration:
      Did not match:
         - @ConditionalOnClass did not find required class 'org.springframework.oxm.Marshaller' (OnClassCondition)

   WebServicesAutoConfiguration:
      Did not match:
         - @ConditionalOnClass did not find required class 'org.springframework.ws.transport.http.MessageDispatcherServlet' (OnClassCondition)

   WebSessionIdResolverAutoConfiguration:
      Did not match:
         - @ConditionalOnClass did not find required class 'reactor.core.publisher.Mono' (OnClassCondition)

   WebSocketMessagingAutoConfiguration:
      Did not match:
         - @ConditionalOnClass did not find required class 'org.springframework.web.socket.config.annotation.WebSocketMessageBrokerConfigurer' (OnClassCondition)

   WebSocketReactiveAutoConfiguration:
      Did not match:
         - @ConditionalOnWebApplication did not find reactive web application classes (OnWebApplicationCondition)

   WebSocketServletAutoConfiguration.JettyWebSocketConfiguration:
      Did not match:
         - @ConditionalOnClass did not find required class 'org.eclipse.jetty.ee10.websocket.jakarta.server.config.JakartaWebSocketServletContainerInitializer' (OnClassCondition)

   WebSocketServletAutoConfiguration.UndertowWebSocketConfiguration:
      Did not match:
         - @ConditionalOnClass did not find required class 'io.undertow.websockets.jsr.Bootstrap' (OnClassCondition)

   XADataSourceAutoConfiguration:
      Did not match:
         - @ConditionalOnBean (types: org.springframework.boot.jdbc.XADataSourceWrapper; SearchStrategy: all) did not find any beans of type org.springframework.boot.jdbc.XADataSourceWrapper (OnBeanCondition)
      Matched:
         - @ConditionalOnClass found required classes 'javax.sql.DataSource', 'jakarta.transaction.TransactionManager', 'org.springframework.jdbc.datasource.embedded.EmbeddedDatabaseType' (OnClassCondition)


Exclusions:
-----------

    None


Unconditional classes:
----------------------

    org.springframework.boot.autoconfigure.context.ConfigurationPropertiesAutoConfiguration

    org.springframework.boot.autoconfigure.ssl.SslAutoConfiguration

    org.springframework.boot.autoconfigure.context.PropertyPlaceholderAutoConfiguration

    org.springframework.boot.autoconfigure.context.LifecycleAutoConfiguration

    org.springdoc.core.configuration.SpringDocSpecPropertiesConfiguration

    org.springframework.boot.autoconfigure.availability.ApplicationAvailabilityAutoConfiguration

    org.springframework.boot.autoconfigure.info.ProjectInfoAutoConfiguration



2025-05-12 10:14:40 - [INFO] - Started BackendApplicationTests in 9.145 seconds (process running for 10.365)
2025-05-12 10:14:40 - [DEBUG] - Application availability state LivenessState changed to CORRECT
2025-05-12 10:14:40 - [DEBUG] - Creating new Restarter for thread Thread[main,5,main]
2025-05-12 10:14:40 - [DEBUG] - Application availability state ReadinessState changed to ACCEPTING_TRAFFIC
2025-05-12 10:14:40 - [DEBUG] - Spring test ApplicationContext cache statistics: [DefaultContextCache@4c343088 size = 1, maxSize = 32, parentContextCount = 0, hitCount = 0, missCount = 1, failureCount = 0]
2025-05-12 10:14:40 - [DEBUG] - Setting up MockHttpServletRequest, MockHttpServletResponse, ServletWebRequest, and RequestContextHolder for test class pe.edu.upc.backend.BackendApplicationTests
2025-05-12 10:14:40 - [DEBUG] - Performing dependency injection for test class pe.edu.upc.backend.BackendApplicationTests
2025-05-12 10:14:40 - [DEBUG] - Spring test ApplicationContext cache statistics: [DefaultContextCache@4c343088 size = 1, maxSize = 32, parentContextCount = 0, hitCount = 1, missCount = 1, failureCount = 0]
2025-05-12 10:14:40 - [DEBUG] - Spring test ApplicationContext cache statistics: [DefaultContextCache@4c343088 size = 1, maxSize = 32, parentContextCount = 0, hitCount = 2, missCount = 1, failureCount = 0]
2025-05-12 10:14:40 - [DEBUG] - Before test method: class [BackendApplicationTests], method [contextLoads], class annotated with @DirtiesContext [false] with mode [null], method annotated with @DirtiesContext [false] with mode [null]
2025-05-12 10:14:40 - [DEBUG] - Spring test ApplicationContext cache statistics: [DefaultContextCache@4c343088 size = 1, maxSize = 32, parentContextCount = 0, hitCount = 3, missCount = 1, failureCount = 0]
2025-05-12 10:14:40 - [DEBUG] - Spring test ApplicationContext cache statistics: [DefaultContextCache@4c343088 size = 1, maxSize = 32, parentContextCount = 0, hitCount = 4, missCount = 1, failureCount = 0]
2025-05-12 10:14:41 - [DEBUG] - Spring test ApplicationContext cache statistics: [DefaultContextCache@4c343088 size = 1, maxSize = 32, parentContextCount = 0, hitCount = 5, missCount = 1, failureCount = 0]
2025-05-12 10:14:41 - [DEBUG] - Spring test ApplicationContext cache statistics: [DefaultContextCache@4c343088 size = 1, maxSize = 32, parentContextCount = 0, hitCount = 6, missCount = 1, failureCount = 0]
2025-05-12 10:14:41 - [DEBUG] - Spring test ApplicationContext cache statistics: [DefaultContextCache@4c343088 size = 1, maxSize = 32, parentContextCount = 0, hitCount = 7, missCount = 1, failureCount = 0]
2025-05-12 10:14:41 - [DEBUG] - Spring test ApplicationContext cache statistics: [DefaultContextCache@4c343088 size = 1, maxSize = 32, parentContextCount = 0, hitCount = 8, missCount = 1, failureCount = 0]
2025-05-12 10:14:41 - [DEBUG] - Spring test ApplicationContext cache statistics: [DefaultContextCache@4c343088 size = 1, maxSize = 32, parentContextCount = 0, hitCount = 9, missCount = 1, failureCount = 0]
2025-05-12 10:14:41 - [DEBUG] - Spring test ApplicationContext cache statistics: [DefaultContextCache@4c343088 size = 1, maxSize = 32, parentContextCount = 0, hitCount = 10, missCount = 1, failureCount = 0]
2025-05-12 10:14:41 - [DEBUG] - Spring test ApplicationContext cache statistics: [DefaultContextCache@4c343088 size = 1, maxSize = 32, parentContextCount = 0, hitCount = 11, missCount = 1, failureCount = 0]
2025-05-12 10:14:41 - [DEBUG] - Spring test ApplicationContext cache statistics: [DefaultContextCache@4c343088 size = 1, maxSize = 32, parentContextCount = 0, hitCount = 12, missCount = 1, failureCount = 0]
2025-05-12 10:14:41 - [DEBUG] - Spring test ApplicationContext cache statistics: [DefaultContextCache@4c343088 size = 1, maxSize = 32, parentContextCount = 0, hitCount = 13, missCount = 1, failureCount = 0]
2025-05-12 10:14:41 - [DEBUG] - After test method: class [BackendApplicationTests], method [contextLoads], class annotated with @DirtiesContext [false] with mode [null], method annotated with @DirtiesContext [false] with mode [null]
2025-05-12 10:14:41 - [DEBUG] - Resetting RequestContextHolder for test class pe.edu.upc.backend.BackendApplicationTests
]]></system-out>
  </testcase>
</testsuite>